Using pre-set license
Built from '2023.1/staging' branch; Version is '2023.1.13f1 (ffeab063bb93) revision 16771760'; Using compiler version '192829333'; Build Type 'Release'
OS: 'Windows 10  (10.0.19045) 64bit Enterprise' Language: 'en' Physical Memory: 16278 MB
BatchMode: 1, IsHumanControllingUs: 0, StartBugReporterOnCrash: 0, Is64bit: 1, IsPro: 1

COMMAND LINE ARGUMENTS:
C:\Program Files\Unity 2023.1.13f1\Editor\Unity.exe
-adb2
-batchMode
-noUpm
-name
AssetImportWorker2
-projectPath
E:/Projects/MangoMayhem
-logFile
Logs/AssetImportWorker2.log
-srvPort
52740
Successfully changed project path to: E:/Projects/MangoMayhem
E:/Projects/MangoMayhem
[UnityMemory] Configuration Parameters - Can be set up in boot.config
    "memorysetup-bucket-allocator-granularity=16"
    "memorysetup-bucket-allocator-bucket-count=8"
    "memorysetup-bucket-allocator-block-size=33554432"
    "memorysetup-bucket-allocator-block-count=8"
    "memorysetup-main-allocator-block-size=16777216"
    "memorysetup-thread-allocator-block-size=16777216"
    "memorysetup-gfx-main-allocator-block-size=16777216"
    "memorysetup-gfx-thread-allocator-block-size=16777216"
    "memorysetup-cache-allocator-block-size=4194304"
    "memorysetup-typetree-allocator-block-size=2097152"
    "memorysetup-profiler-bucket-allocator-granularity=16"
    "memorysetup-profiler-bucket-allocator-bucket-count=8"
    "memorysetup-profiler-bucket-allocator-block-size=33554432"
    "memorysetup-profiler-bucket-allocator-block-count=8"
    "memorysetup-profiler-allocator-block-size=16777216"
    "memorysetup-profiler-editor-allocator-block-size=1048576"
    "memorysetup-temp-allocator-size-main=16777216"
    "memorysetup-job-temp-allocator-block-size=2097152"
    "memorysetup-job-temp-allocator-block-size-background=1048576"
    "memorysetup-job-temp-allocator-reduction-small-platforms=262144"
    "memorysetup-allocator-temp-initial-block-size-main=262144"
    "memorysetup-allocator-temp-initial-block-size-worker=262144"
    "memorysetup-temp-allocator-size-background-worker=32768"
    "memorysetup-temp-allocator-size-job-worker=262144"
    "memorysetup-temp-allocator-size-preload-manager=33554432"
    "memorysetup-temp-allocator-size-nav-mesh-worker=65536"
    "memorysetup-temp-allocator-size-audio-worker=65536"
    "memorysetup-temp-allocator-size-cloud-worker=32768"
    "memorysetup-temp-allocator-size-gi-baking-worker=262144"
    "memorysetup-temp-allocator-size-gfx=262144"
Player connection [7084] Host "[IP] 10.54.31.87 [Port] 0 [Flags] 2 [Guid] 2468487279 [EditorId] 2468487279 [Version] 1048832 [Id] WindowsEditor(7,MRI-05MGD6) [Debug] 1 [PackageName] WindowsEditor [ProjectName] Editor" joined multi-casting on [225.0.0.222:54997]...

Player connection [7084] Host "[IP] 10.54.31.87 [Port] 0 [Flags] 2 [Guid] 2468487279 [EditorId] 2468487279 [Version] 1048832 [Id] WindowsEditor(7,MRI-05MGD6) [Debug] 1 [PackageName] WindowsEditor [ProjectName] Editor" joined alternative multi-casting on [225.0.0.222:34997]...

[Physics::Module] Initialized MultithreadedJobDispatcher with 11 workers.
Library Redirect Path: Library/Refreshing native plugins compatible for Editor in 12.00 ms, found 4 plugins.
Preloading 0 native plugins for Editor in 0.00 ms.
Initialize engine version: 2023.1.13f1 (ffeab063bb93)
[Subsystems] Discovering subsystems at path C:/Program Files/Unity 2023.1.13f1/Editor/Data/Resources/UnitySubsystems
[Subsystems] Discovering subsystems at path E:/Projects/MangoMayhem/Assets
GfxDevice: creating device client; threaded=0; jobified=0
Direct3D:
    Version:  Direct3D 11.0 [level 11.1]
    Renderer: NVIDIA Quadro M5000 (ID=0x13f0)
    Vendor:   NVIDIA
    VRAM:     8139 MB
    Driver:   31.0.15.3734
Initialize mono
Mono path[0] = 'C:/Program Files/Unity 2023.1.13f1/Editor/Data/Managed'
Mono path[1] = 'C:/Program Files/Unity 2023.1.13f1/Editor/Data/MonoBleedingEdge/lib/mono/unityjit-win32'
Mono config path = 'C:/Program Files/Unity 2023.1.13f1/Editor/Data/MonoBleedingEdge/etc'
Using monoOptions --debugger-agent=transport=dt_socket,embedding=1,server=y,suspend=n,address=127.0.0.1:56624
Begin MonoManager ReloadAssembly
C:\build\output\Unity-Technologies\mono\mono\metadata\icall.c:1842:
C:\build\output\Unity-Technologies\mono\mono\metadata\icall.c:1842:
C:\build\output\Unity-Technologies\mono\mono\metadata\icall.c:1842:
C:\build\output\Unity-Technologies\mono\mono\metadata\icall.c:1842:
C:\build\output\Unity-Technologies\mono\mono\metadata\icall.c:1842:
C:\build\output\Unity-Technologies\mono\mono\metadata\icall.c:1842:
C:\build\output\Unity-Technologies\mono\mono\metadata\icall.c:1842:
C:\build\output\Unity-Technologies\mono\mono\metadata\icall.c:1842:
C:\build\output\Unity-Technologies\mono\mono\metadata\icall.c:1842:
C:\build\output\Unity-Technologies\mono\mono\metadata\icall.c:1842:
Registering precompiled unity dll's ...
Register platform support module: C:/Program Files/Unity 2023.1.13f1/Editor/Data/PlaybackEngines/WindowsStandaloneSupport/UnityEditor.WindowsStandalone.Extensions.dll
Register platform support module: C:/Program Files/Unity 2023.1.13f1/Editor/Data/PlaybackEngines/iOSSupport/UnityEditor.iOS.Extensions.dll
Registered in 0.004774 seconds.
- Loaded All Assemblies, in  0.547 seconds
[usbmuxd] Start listen thread
[usbmuxd] Listen thread started
Native extension for iOS target not found
Native extension for WindowsStandalone target not found
Mono: successfully reloaded assembly
C:\build\output\Unity-Technologies\mono\mono\metadata\icall.c:1842:
C:\build\output\Unity-Technologies\mono\mono\metadata\icall.c:1842:
- Finished resetting the current domain, in  0.435 seconds
Domain Reload Profiling: 980ms
	BeginReloadAssembly (159ms)
		ExecutionOrderSort (0ms)
		DisableScriptedObjects (0ms)
		BackupInstance (0ms)
		ReleaseScriptingObjects (0ms)
		CreateAndSetChildDomain (1ms)
	RebuildCommonClasses (47ms)
	RebuildNativeTypeToScriptingClass (14ms)
	initialDomainReloadingComplete (59ms)
	LoadAllAssembliesAndSetupDomain (265ms)
		LoadAssemblies (156ms)
		RebuildTransferFunctionScriptingTraits (0ms)
		AnalyzeDomain (260ms)
			TypeCache.Refresh (259ms)
				TypeCache.ScanAssembly (243ms)
			ScanForSourceGeneratedMonoScriptInfo (0ms)
			ResolveRequiredComponents (1ms)
	FinalizeReload (435ms)
		ReleaseScriptCaches (0ms)
		RebuildScriptCaches (0ms)
		SetupLoadedEditorAssemblies (374ms)
			LogAssemblyErrors (0ms)
			InitializePlatformSupportModulesInManaged (129ms)
			SetLoadedEditorAssemblies (5ms)
			BeforeProcessingInitializeOnLoad (8ms)
			ProcessInitializeOnLoadAttributes (157ms)
			ProcessInitializeOnLoadMethodAttributes (74ms)
			AfterProcessingInitializeOnLoad (0ms)
			EditorAssembliesLoaded (0ms)
		ExecutionOrderSort2 (0ms)
		AwakeInstancesAfterBackupRestoration (0ms)
========================================================================
Worker process is ready to serve import requests
Import Worker Mode flag is 0x00
Begin MonoManager ReloadAssembly
C:\build\output\Unity-Technologies\mono\mono\metadata\icall.c:1842:
C:\build\output\Unity-Technologies\mono\mono\metadata\icall.c:1842:
C:\build\output\Unity-Technologies\mono\mono\metadata\icall.c:1842:
C:\build\output\Unity-Technologies\mono\mono\metadata\icall.c:1842:
C:\build\output\Unity-Technologies\mono\mono\metadata\icall.c:1842:
C:\build\output\Unity-Technologies\mono\mono\metadata\icall.c:1842:
C:\build\output\Unity-Technologies\mono\mono\metadata\icall.c:1842:
C:\build\output\Unity-Technologies\mono\mono\metadata\icall.c:1842:
C:\build\output\Unity-Technologies\mono\mono\metadata\icall.c:1842:
C:\build\output\Unity-Technologies\mono\mono\metadata\icall.c:1842:
C:\build\output\Unity-Technologies\mono\mono\metadata\icall.c:1842:
C:\build\output\Unity-Technologies\mono\mono\metadata\icall.c:1842:
Symbol file LoadedFromMemory doesn't match image E:\Projects\MangoMayhem\Library\PackageCache\com.unity.visualscripting@1.8.0\Editor\VisualScripting.Core\Dependencies\YamlDotNet\Unity.VisualScripting.YamlDotNet.dll
Symbol file LoadedFromMemory doesn't match image E:\Projects\MangoMayhem\Library\PackageCache\com.unity.visualscripting@1.8.0\Editor\VisualScripting.Core\Dependencies\DotNetZip\Unity.VisualScripting.IonicZip.dll
- Loaded All Assemblies, in  1.220 seconds
Refreshing native plugins compatible for Editor in 4.75 ms, found 4 plugins.
Native extension for iOS target not found
Native extension for WindowsStandalone target not found
Mono: successfully reloaded assembly
Package Manager log level set to [2]
[Package Manager] Failed to launch server process. Reason: Unity was launched with the -noUpm command-line argument
[Package Manager] Unable to send message (not connected to server process).
[Package Manager] Cannot connect to Unity Package Manager local server
[Package Manager] Failed to launch server process. Reason: Unity was launched with the -noUpm command-line argument
[Package Manager] Unable to send message (not connected to server process).
[Package Manager] Cannot connect to Unity Package Manager local server
- Finished resetting the current domain, in  0.938 seconds
Domain Reload Profiling: 2156ms
	BeginReloadAssembly (376ms)
		ExecutionOrderSort (0ms)
		DisableScriptedObjects (7ms)
		BackupInstance (0ms)
		ReleaseScriptingObjects (0ms)
		CreateAndSetChildDomain (50ms)
	RebuildCommonClasses (42ms)
	RebuildNativeTypeToScriptingClass (14ms)
	initialDomainReloadingComplete (65ms)
	LoadAllAssembliesAndSetupDomain (719ms)
		LoadAssemblies (401ms)
		RebuildTransferFunctionScriptingTraits (0ms)
		AnalyzeDomain (442ms)
			TypeCache.Refresh (408ms)
				TypeCache.ScanAssembly (393ms)
			ScanForSourceGeneratedMonoScriptInfo (28ms)
			ResolveRequiredComponents (5ms)
	FinalizeReload (939ms)
		ReleaseScriptCaches (0ms)
		RebuildScriptCaches (0ms)
		SetupLoadedEditorAssemblies (660ms)
			LogAssemblyErrors (0ms)
			InitializePlatformSupportModulesInManaged (28ms)
			SetLoadedEditorAssemblies (4ms)
			BeforeProcessingInitializeOnLoad (126ms)
			ProcessInitializeOnLoadAttributes (430ms)
			ProcessInitializeOnLoadMethodAttributes (66ms)
			AfterProcessingInitializeOnLoad (5ms)
			EditorAssembliesLoaded (0ms)
		ExecutionOrderSort2 (0ms)
		AwakeInstancesAfterBackupRestoration (10ms)
Launched and connected shader compiler UnityShaderCompiler.exe after 0.02 seconds
Refreshing native plugins compatible for Editor in 4.92 ms, found 4 plugins.
Preloading 0 native plugins for Editor in 0.00 ms.
Unloading 4378 Unused Serialized files (Serialized files now loaded: 0)
Unloading 79 unused Assets / (64.9 KB). Loaded Objects now: 4901.
Memory consumption went from 155.6 MB to 155.5 MB.
Total: 6.462700 ms (FindLiveObjects: 0.424400 ms CreateObjectMapping: 0.356300 ms MarkObjects: 5.502700 ms  DeleteObjects: 0.177900 ms)

AssetImportParameters requested are different than current active one (requested -> active):
  custom:video-decoder-webm-vp8: 9c59270c3fd7afecdb556c50c9e8de78 -> 
  custom:SearchIndexIgnoredProperties: e643bd26f0fe6173181afceb89e7c659 -> 
  custom:audio-encoder-webm-vorbis: bf7c407c2cedff20999df2af8eb42d56 -> 
  custom:AudioImporter_EditorPlatform: d09bf68614088b80899f8185d706f6e7 -> 
  custom:audio-decoder-ogg-vorbis: bf7c407c2cedff20999df2af8eb42d56 -> 
  custom:video-encoder-webm-vp8: eb34c28f22e8b96e1ab97ce403110664 -> 
  custom:container-demuxer-ogg: 62fdf1f143b41e24485cea50d1cbac27 -> 
  custom:framework-win-MediaFoundation: 216162199b28c13a410421893ffa2e32 -> 
  custom:video-decoder-ogg-theora: a1e56fd34408186e4bbccfd4996cb3dc -> 
  custom:container-muxer-webm: aa71ff27fc2769a1b78a27578f13a17b -> 
  custom:CustomObjectIndexerAttribute: 756ad292c208cfabdd7b50bc23989ffe -> 
  custom:container-demuxer-webm: 4f35f7cbe854078d1ac9338744f61a02 -> 
========================================================================
Received Import Request.
  Time since last request: 11057.247202 seconds.
  path: Assets/Lidfar's Basic Platformer Sprites/People
  artifactKey: Guid(63d182d4338ecd8478debbb3375559bc) Importer(815301076,1909f56bfc062723c751e8b465ee728b)
Start importing Assets/Lidfar's Basic Platformer Sprites/People using Guid(63d182d4338ecd8478debbb3375559bc) Importer(815301076,1909f56bfc062723c751e8b465ee728b)  -> (artifact id: 'a16c62b281f94ddec3b6f20b3e35e20c') in 0.003144 seconds
Number of updated asset objects reloaded before import = 0
Number of asset objects unloaded after import = 0
========================================================================
Received Import Request.
  Time since last request: 0.063472 seconds.
  path: Assets/Lidfar's Basic Platformer Sprites/People/People_0.prefab
  artifactKey: Guid(8059f2a0360e5b64cbb284dfc81153ba) Importer(815301076,1909f56bfc062723c751e8b465ee728b)
Start importing Assets/Lidfar's Basic Platformer Sprites/People/People_0.prefab using Guid(8059f2a0360e5b64cbb284dfc81153ba) Importer(815301076,1909f56bfc062723c751e8b465ee728b)  -> (artifact id: '0bc8bd55fda253b832e0e3e6b1cb2235') in 0.113838 seconds
Number of updated asset objects reloaded before import = 0
Number of asset objects unloaded after import = 7
========================================================================
Received Import Request.
  Time since last request: 2.184718 seconds.
  path: Assets/Lidfar's Basic Platformer Sprites/Monsters
  artifactKey: Guid(a5941ec7a9ac76345bb998d9e98ff2c8) Importer(815301076,1909f56bfc062723c751e8b465ee728b)
Start importing Assets/Lidfar's Basic Platformer Sprites/Monsters using Guid(a5941ec7a9ac76345bb998d9e98ff2c8) Importer(815301076,1909f56bfc062723c751e8b465ee728b)  -> (artifact id: 'b331be28a494f16bdfbe95ca0d51e190') in 0.000616 seconds
Number of updated asset objects reloaded before import = 0
Number of asset objects unloaded after import = 0
========================================================================
Received Import Request.
  Time since last request: 0.078066 seconds.
  path: Assets/Lidfar's Basic Platformer Sprites/Monsters/Monsters_0.prefab
  artifactKey: Guid(578d4e9f8f9575a429c48b4f56109b72) Importer(815301076,1909f56bfc062723c751e8b465ee728b)
Start importing Assets/Lidfar's Basic Platformer Sprites/Monsters/Monsters_0.prefab using Guid(578d4e9f8f9575a429c48b4f56109b72) Importer(815301076,1909f56bfc062723c751e8b465ee728b)  -> (artifact id: 'ef94a83866682422e97d6dbd1c613a07') in 0.020385 seconds
Number of updated asset objects reloaded before import = 0
Number of asset objects unloaded after import = 7
========================================================================
Received Import Request.
  Time since last request: 0.000103 seconds.
  path: Assets/Lidfar's Basic Platformer Sprites/Monsters/Monsters_9.prefab
  artifactKey: Guid(9465a5c747f737d4ab1b8387184971a1) Importer(815301076,1909f56bfc062723c751e8b465ee728b)
Start importing Assets/Lidfar's Basic Platformer Sprites/Monsters/Monsters_9.prefab using Guid(9465a5c747f737d4ab1b8387184971a1) Importer(815301076,1909f56bfc062723c751e8b465ee728b)  -> (artifact id: 'd127f02813758ad22dacbe0fc54eea41') in 0.018603 seconds
Number of updated asset objects reloaded before import = 0
Number of asset objects unloaded after import = 7
========================================================================
Received Import Request.
  Time since last request: 0.000026 seconds.
  path: Assets/Lidfar's Basic Platformer Sprites/Monsters/Monsters_8.prefab
  artifactKey: Guid(f64353f8b1eae7544b6c30d3da1b405b) Importer(815301076,1909f56bfc062723c751e8b465ee728b)
Start importing Assets/Lidfar's Basic Platformer Sprites/Monsters/Monsters_8.prefab using Guid(f64353f8b1eae7544b6c30d3da1b405b) Importer(815301076,1909f56bfc062723c751e8b465ee728b)  -> (artifact id: '3b7e17e3b4feb2397b17bb4219b2e0f0') in 0.015013 seconds
Number of updated asset objects reloaded before import = 0
Number of asset objects unloaded after import = 7
========================================================================
Received Import Request.
  Time since last request: 0.000031 seconds.
  path: Assets/Lidfar's Basic Platformer Sprites/Monsters/Monsters_11.prefab
  artifactKey: Guid(5f56b3d247f6fcf438bc52c6eb8359f6) Importer(815301076,1909f56bfc062723c751e8b465ee728b)
Start importing Assets/Lidfar's Basic Platformer Sprites/Monsters/Monsters_11.prefab using Guid(5f56b3d247f6fcf438bc52c6eb8359f6) Importer(815301076,1909f56bfc062723c751e8b465ee728b)  -> (artifact id: '897bb512d53b349baec9043a3ea141e6') in 0.012245 seconds
Number of updated asset objects reloaded before import = 0
Number of asset objects unloaded after import = 7
========================================================================
Received Import Request.
  Time since last request: 1.681257 seconds.
  path: Assets/Lidfar's Basic Platformer Sprites/Monsters/Sheets
  artifactKey: Guid(1193e90abc2b7a64e9086f9751500981) Importer(815301076,1909f56bfc062723c751e8b465ee728b)
Start importing Assets/Lidfar's Basic Platformer Sprites/Monsters/Sheets using Guid(1193e90abc2b7a64e9086f9751500981) Importer(815301076,1909f56bfc062723c751e8b465ee728b)  -> (artifact id: 'cdddcecbe85acdd571cbd1a9139a42d3') in 0.000571 seconds
Number of updated asset objects reloaded before import = 0
Number of asset objects unloaded after import = 0
========================================================================
Received Import Request.
  Time since last request: 0.085700 seconds.
  path: Assets/Lidfar's Basic Platformer Sprites/Monsters/Sheets/Monsters.png
  artifactKey: Guid(335902fb5fba74948823671b7c9ea1d0) Importer(815301076,1909f56bfc062723c751e8b465ee728b)
Start importing Assets/Lidfar's Basic Platformer Sprites/Monsters/Sheets/Monsters.png using Guid(335902fb5fba74948823671b7c9ea1d0) Importer(815301076,1909f56bfc062723c751e8b465ee728b)  -> (artifact id: 'f61952c96149c2c91d5fd1ed785cceb4') in 0.074691 seconds
Number of updated asset objects reloaded before import = 0
Number of asset objects unloaded after import = 14
========================================================================
Received Import Request.
  Time since last request: 2.454214 seconds.
  path: Assets/Lidfar's Basic Platformer Sprites/Items
  artifactKey: Guid(ba3118ce2429c4647a3b1349e204666e) Importer(815301076,1909f56bfc062723c751e8b465ee728b)
Start importing Assets/Lidfar's Basic Platformer Sprites/Items using Guid(ba3118ce2429c4647a3b1349e204666e) Importer(815301076,1909f56bfc062723c751e8b465ee728b)  -> (artifact id: '4d8bd838ece59bb7ce558f05551fb3c1') in 0.000589 seconds
Number of updated asset objects reloaded before import = 0
Number of asset objects unloaded after import = 0
========================================================================
Received Import Request.
  Time since last request: 1.035650 seconds.
  path: Assets/Lidfar's Basic Platformer Sprites/Items/Items_0.prefab
  artifactKey: Guid(1e8b265a7927be04eabb6354c2533851) Importer(815301076,1909f56bfc062723c751e8b465ee728b)
Start importing Assets/Lidfar's Basic Platformer Sprites/Items/Items_0.prefab using Guid(1e8b265a7927be04eabb6354c2533851) Importer(815301076,1909f56bfc062723c751e8b465ee728b)  -> (artifact id: '83d53e0fec245452d7899535f1635932') in 0.017321 seconds
Number of updated asset objects reloaded before import = 0
Number of asset objects unloaded after import = 7
========================================================================
Received Import Request.
  Time since last request: 0.000025 seconds.
  path: Assets/Lidfar's Basic Platformer Sprites/Items/Items_10.prefab
  artifactKey: Guid(c5a5efb13411ac4449ac194a682c03b7) Importer(815301076,1909f56bfc062723c751e8b465ee728b)
Start importing Assets/Lidfar's Basic Platformer Sprites/Items/Items_10.prefab using Guid(c5a5efb13411ac4449ac194a682c03b7) Importer(815301076,1909f56bfc062723c751e8b465ee728b)  -> (artifact id: '1a98d387d210726476a56d61912aebb6') in 0.014247 seconds
Number of updated asset objects reloaded before import = 0
Number of asset objects unloaded after import = 7
========================================================================
Received Import Request.
  Time since last request: 0.000027 seconds.
  path: Assets/Lidfar's Basic Platformer Sprites/Items/Items_11.prefab
  artifactKey: Guid(aea62d78641c60944af81163d5a81ef5) Importer(815301076,1909f56bfc062723c751e8b465ee728b)
Start importing Assets/Lidfar's Basic Platformer Sprites/Items/Items_11.prefab using Guid(aea62d78641c60944af81163d5a81ef5) Importer(815301076,1909f56bfc062723c751e8b465ee728b)  -> (artifact id: '86346df865b56a58bc24ec4bb95d8cd8') in 0.020435 seconds
Number of updated asset objects reloaded before import = 0
Number of asset objects unloaded after import = 7
========================================================================
Received Import Request.
  Time since last request: 0.000017 seconds.
  path: Assets/Lidfar's Basic Platformer Sprites/Items/Items_18.prefab
  artifactKey: Guid(d2f8fe9ac5b35c046bb3ec8e68bbc31e) Importer(815301076,1909f56bfc062723c751e8b465ee728b)
Start importing Assets/Lidfar's Basic Platformer Sprites/Items/Items_18.prefab using Guid(d2f8fe9ac5b35c046bb3ec8e68bbc31e) Importer(815301076,1909f56bfc062723c751e8b465ee728b)  -> (artifact id: '28385449ede4dcb1815873e992dad75c') in 0.013750 seconds
Number of updated asset objects reloaded before import = 0
Number of asset objects unloaded after import = 7
========================================================================
Received Import Request.
  Time since last request: 0.000016 seconds.
  path: Assets/Lidfar's Basic Platformer Sprites/Items/Items_6.prefab
  artifactKey: Guid(c7c3a057e8210f94ea25b645fcb75c60) Importer(815301076,1909f56bfc062723c751e8b465ee728b)
Start importing Assets/Lidfar's Basic Platformer Sprites/Items/Items_6.prefab using Guid(c7c3a057e8210f94ea25b645fcb75c60) Importer(815301076,1909f56bfc062723c751e8b465ee728b)  -> (artifact id: '9f67c4a1c83c254e56aa8a10e704bf92') in 0.012340 seconds
Number of updated asset objects reloaded before import = 0
Number of asset objects unloaded after import = 7
========================================================================
Received Import Request.
  Time since last request: 0.000023 seconds.
  path: Assets/Lidfar's Basic Platformer Sprites/Items/Items_19.prefab
  artifactKey: Guid(8984a4f6ea7d7a948a29de29abaefcf6) Importer(815301076,1909f56bfc062723c751e8b465ee728b)
Start importing Assets/Lidfar's Basic Platformer Sprites/Items/Items_19.prefab using Guid(8984a4f6ea7d7a948a29de29abaefcf6) Importer(815301076,1909f56bfc062723c751e8b465ee728b)  -> (artifact id: '363d3ba5e21d464dbc48819112b2fe69') in 0.013671 seconds
Number of updated asset objects reloaded before import = 0
Number of asset objects unloaded after import = 7
========================================================================
Received Import Request.
  Time since last request: 0.000018 seconds.
  path: Assets/Lidfar's Basic Platformer Sprites/Items/Items_17.prefab
  artifactKey: Guid(ad274025b518f374a9f23abbb7534c50) Importer(815301076,1909f56bfc062723c751e8b465ee728b)
Start importing Assets/Lidfar's Basic Platformer Sprites/Items/Items_17.prefab using Guid(ad274025b518f374a9f23abbb7534c50) Importer(815301076,1909f56bfc062723c751e8b465ee728b)  -> (artifact id: '162a9fbc927e5aa3916ce480ef2712de') in 0.012895 seconds
Number of updated asset objects reloaded before import = 0
Number of asset objects unloaded after import = 7
========================================================================
Received Import Request.
  Time since last request: 2.535031 seconds.
  path: Assets/Lidfar's Basic Platformer Sprites/Icons
  artifactKey: Guid(6ae2e79c04d8d224fa9c8790563d9096) Importer(815301076,1909f56bfc062723c751e8b465ee728b)
Start importing Assets/Lidfar's Basic Platformer Sprites/Icons using Guid(6ae2e79c04d8d224fa9c8790563d9096) Importer(815301076,1909f56bfc062723c751e8b465ee728b)  -> (artifact id: '4e9f9a0270c946cfdc95d8d0ceba96ec') in 0.000652 seconds
Number of updated asset objects reloaded before import = 0
Number of asset objects unloaded after import = 0
========================================================================
Received Import Request.
  Time since last request: 0.056810 seconds.
  path: Assets/Lidfar's Basic Platformer Sprites/Icons/Empty Heart.prefab
  artifactKey: Guid(d4133e706f94f874da6fd9e548cfc997) Importer(815301076,1909f56bfc062723c751e8b465ee728b)
Start importing Assets/Lidfar's Basic Platformer Sprites/Icons/Empty Heart.prefab using Guid(d4133e706f94f874da6fd9e548cfc997) Importer(815301076,1909f56bfc062723c751e8b465ee728b)  -> (artifact id: 'aefc19c3db5a4caf0ec60572b06c19eb') in 0.021905 seconds
Number of updated asset objects reloaded before import = 0
Number of asset objects unloaded after import = 7
========================================================================
Received Import Request.
  Time since last request: 0.000016 seconds.
  path: Assets/Lidfar's Basic Platformer Sprites/Icons/Icons_11.prefab
  artifactKey: Guid(114a14989cab40c45ae1f0d0e203007c) Importer(815301076,1909f56bfc062723c751e8b465ee728b)
Start importing Assets/Lidfar's Basic Platformer Sprites/Icons/Icons_11.prefab using Guid(114a14989cab40c45ae1f0d0e203007c) Importer(815301076,1909f56bfc062723c751e8b465ee728b)  -> (artifact id: '4e4451bf573e619a9a6dc8cf428dc264') in 0.012574 seconds
Number of updated asset objects reloaded before import = 0
Number of asset objects unloaded after import = 7
========================================================================
Received Import Request.
  Time since last request: 0.000025 seconds.
  path: Assets/Lidfar's Basic Platformer Sprites/Icons/Icons_12.prefab
  artifactKey: Guid(a9e59a915a42c4d4fad96b779ef5acb4) Importer(815301076,1909f56bfc062723c751e8b465ee728b)
Start importing Assets/Lidfar's Basic Platformer Sprites/Icons/Icons_12.prefab using Guid(a9e59a915a42c4d4fad96b779ef5acb4) Importer(815301076,1909f56bfc062723c751e8b465ee728b)  -> (artifact id: 'a4f857ebd8a5fb85fcbc8821a85a58c8') in 0.012645 seconds
Number of updated asset objects reloaded before import = 0
Number of asset objects unloaded after import = 7
========================================================================
Received Import Request.
  Time since last request: 0.000017 seconds.
  path: Assets/Lidfar's Basic Platformer Sprites/Icons/Icons_8.prefab
  artifactKey: Guid(2e81630417b73f04aa74a9378994b81d) Importer(815301076,1909f56bfc062723c751e8b465ee728b)
Start importing Assets/Lidfar's Basic Platformer Sprites/Icons/Icons_8.prefab using Guid(2e81630417b73f04aa74a9378994b81d) Importer(815301076,1909f56bfc062723c751e8b465ee728b)  -> (artifact id: '0d0518a24017b2758336361dc29161b2') in 0.013048 seconds
Number of updated asset objects reloaded before import = 0
Number of asset objects unloaded after import = 7
========================================================================
Received Import Request.
  Time since last request: 0.000016 seconds.
  path: Assets/Lidfar's Basic Platformer Sprites/Icons/Icons_6.prefab
  artifactKey: Guid(097e0512260cafe419f351e967cb0a33) Importer(815301076,1909f56bfc062723c751e8b465ee728b)
Start importing Assets/Lidfar's Basic Platformer Sprites/Icons/Icons_6.prefab using Guid(097e0512260cafe419f351e967cb0a33) Importer(815301076,1909f56bfc062723c751e8b465ee728b)  -> (artifact id: '42412d3ee79315d63a86de901ecf29a5') in 0.013167 seconds
Number of updated asset objects reloaded before import = 0
Number of asset objects unloaded after import = 7
========================================================================
Received Import Request.
  Time since last request: 0.000024 seconds.
  path: Assets/Lidfar's Basic Platformer Sprites/Icons/Iron Heart.prefab
  artifactKey: Guid(be2b9e47073862949a5257bd4ad3989a) Importer(815301076,1909f56bfc062723c751e8b465ee728b)
Start importing Assets/Lidfar's Basic Platformer Sprites/Icons/Iron Heart.prefab using Guid(be2b9e47073862949a5257bd4ad3989a) Importer(815301076,1909f56bfc062723c751e8b465ee728b)  -> (artifact id: '53025429a86ab714358d283ad9421333') in 0.011034 seconds
Number of updated asset objects reloaded before import = 0
Number of asset objects unloaded after import = 7
========================================================================
Received Import Request.
  Time since last request: 5.555142 seconds.
  path: Assets/Lidfar's Basic Platformer Sprites/Scenes.unity
  artifactKey: Guid(5707b896deee76942bbb174506c29671) Importer(815301076,1909f56bfc062723c751e8b465ee728b)
Start importing Assets/Lidfar's Basic Platformer Sprites/Scenes.unity using Guid(5707b896deee76942bbb174506c29671) Importer(815301076,1909f56bfc062723c751e8b465ee728b)  -> (artifact id: '6fdd78866e940c4a10322807811fc822') in 0.000962 seconds
Number of updated asset objects reloaded before import = 0
Number of asset objects unloaded after import = 0
========================================================================
Received Import Request.
  Time since last request: 28.093107 seconds.
  path: Assets/TutorialInfo
  artifactKey: Guid(37844c66aae9c48458b0dbb739dc59f0) Importer(815301076,1909f56bfc062723c751e8b465ee728b)
Start importing Assets/TutorialInfo using Guid(37844c66aae9c48458b0dbb739dc59f0) Importer(815301076,1909f56bfc062723c751e8b465ee728b)  -> (artifact id: 'e434f048db3cb282539606b2afc75af1') in 0.000659 seconds
Number of updated asset objects reloaded before import = 0
Number of asset objects unloaded after import = 0
========================================================================
Received Import Request.
  Time since last request: 1.982645 seconds.
  path: Assets/TutorialInfo/Scripts
  artifactKey: Guid(5a9bcd70e6a4b4b05badaa72e827d8e0) Importer(815301076,1909f56bfc062723c751e8b465ee728b)
Start importing Assets/TutorialInfo/Scripts using Guid(5a9bcd70e6a4b4b05badaa72e827d8e0) Importer(815301076,1909f56bfc062723c751e8b465ee728b)  -> (artifact id: 'd31b12a664f3ca89f7e140d86afea884') in 0.000615 seconds
Number of updated asset objects reloaded before import = 0
Number of asset objects unloaded after import = 0
========================================================================
Received Import Request.
  Time since last request: 0.598904 seconds.
  path: Assets/TutorialInfo/Icons
  artifactKey: Guid(8a0c9218a650547d98138cd835033977) Importer(815301076,1909f56bfc062723c751e8b465ee728b)
Start importing Assets/TutorialInfo/Icons using Guid(8a0c9218a650547d98138cd835033977) Importer(815301076,1909f56bfc062723c751e8b465ee728b)  -> (artifact id: '215bfebe2612a0b0be9c649d2004ce9a') in 0.000604 seconds
Number of updated asset objects reloaded before import = 0
Number of asset objects unloaded after import = 0
========================================================================
Received Import Request.
  Time since last request: 2.047153 seconds.
  path: Assets/TutorialInfo/Scripts/Editor
  artifactKey: Guid(3ad9b87dffba344c89909c6d1b1c17e1) Importer(815301076,1909f56bfc062723c751e8b465ee728b)
Start importing Assets/TutorialInfo/Scripts/Editor using Guid(3ad9b87dffba344c89909c6d1b1c17e1) Importer(815301076,1909f56bfc062723c751e8b465ee728b)  -> (artifact id: 'b3ce57899e68b139af4fdbd021eb5708') in 0.000683 seconds
Number of updated asset objects reloaded before import = 0
Number of asset objects unloaded after import = 0
========================================================================
Received Import Request.
  Time since last request: 1.710322 seconds.
  path: Assets/TutorialInfo/Scripts/Editor/ReadmeEditor.cs
  artifactKey: Guid(476cc7d7cd9874016adc216baab94a0a) Importer(815301076,1909f56bfc062723c751e8b465ee728b)
Start importing Assets/TutorialInfo/Scripts/Editor/ReadmeEditor.cs using Guid(476cc7d7cd9874016adc216baab94a0a) Importer(815301076,1909f56bfc062723c751e8b465ee728b)  -> (artifact id: '1680275fb3c7eef383226a78b9155bcd') in 0.000772 seconds
Number of updated asset objects reloaded before import = 0
Number of asset objects unloaded after import = 0
Thread 0000000000001784 may have been prematurely finalized
Thread 0000000000001784 may have been prematurely finalized
========================================================================
Received Import Request.
  Time since last request: 205.178693 seconds.
  path: Assets
  artifactKey: Guid(00000000000000001000000000000000) Importer(815301076,1909f56bfc062723c751e8b465ee728b)
Start importing Assets using Guid(00000000000000001000000000000000) Importer(815301076,1909f56bfc062723c751e8b465ee728b)  -> (artifact id: '3c0a7ef1c14d54095b344b5b7b6db27e') in 0.001005 seconds
Number of updated asset objects reloaded before import = 0
Number of asset objects unloaded after import = 0
========================================================================
Received Import Request.
  Time since last request: 264.663259 seconds.
  path: Assets/Scripts
  artifactKey: Guid(e0c0e5b7a68d19e4c87e5be4c8a09d55) Importer(815301076,1909f56bfc062723c751e8b465ee728b)
Start importing Assets/Scripts using Guid(e0c0e5b7a68d19e4c87e5be4c8a09d55) Importer(815301076,1909f56bfc062723c751e8b465ee728b)  -> (artifact id: '9e93e00a9daa7e091a7a1852e500165e') in 0.001449 seconds
Number of updated asset objects reloaded before import = 0
Number of asset objects unloaded after import = 0
========================================================================
Received Import Request.
  Time since last request: 10.406763 seconds.
  path: Assets/Scripts/NewBehaviourScript.cs
  artifactKey: Guid(ce2525eccd9055d468b5b0115f483b1f) Importer(815301076,1909f56bfc062723c751e8b465ee728b)
Start importing Assets/Scripts/NewBehaviourScript.cs using Guid(ce2525eccd9055d468b5b0115f483b1f) Importer(815301076,1909f56bfc062723c751e8b465ee728b)  -> (artifact id: '2d887f509b95f9147d1cee63758c97ee') in 0.000488 seconds
Number of updated asset objects reloaded before import = 0
Number of asset objects unloaded after import = 0
========================================================================
Received Prepare
Begin MonoManager ReloadAssembly
C:\build\output\Unity-Technologies\mono\mono\metadata\icall.c:1842:
C:\build\output\Unity-Technologies\mono\mono\metadata\icall.c:1842:
C:\build\output\Unity-Technologies\mono\mono\metadata\icall.c:1842:
C:\build\output\Unity-Technologies\mono\mono\metadata\icall.c:1842:
C:\build\output\Unity-Technologies\mono\mono\metadata\icall.c:1842:
C:\build\output\Unity-Technologies\mono\mono\metadata\icall.c:1842:
C:\build\output\Unity-Technologies\mono\mono\metadata\icall.c:1842:
C:\build\output\Unity-Technologies\mono\mono\metadata\icall.c:1842:
C:\build\output\Unity-Technologies\mono\mono\metadata\icall.c:1842:
C:\build\output\Unity-Technologies\mono\mono\metadata\icall.c:1842:
C:\build\output\Unity-Technologies\mono\mono\metadata\icall.c:1842:
C:\build\output\Unity-Technologies\mono\mono\metadata\icall.c:1842:
Symbol file LoadedFromMemory doesn't match image E:\Projects\MangoMayhem\Library\PackageCache\com.unity.visualscripting@1.8.0\Editor\VisualScripting.Core\Dependencies\YamlDotNet\Unity.VisualScripting.YamlDotNet.dll
Symbol file LoadedFromMemory doesn't match image E:\Projects\MangoMayhem\Library\PackageCache\com.unity.visualscripting@1.8.0\Editor\VisualScripting.Core\Dependencies\DotNetZip\Unity.VisualScripting.IonicZip.dll
- Loaded All Assemblies, in  0.930 seconds
Refreshing native plugins compatible for Editor in 4.56 ms, found 4 plugins.
Native extension for iOS target not found
Native extension for WindowsStandalone target not found
Mono: successfully reloaded assembly
[Package Manager] Failed to launch server process. Reason: Unity was launched with the -noUpm command-line argument
[Package Manager] Unable to send message (not connected to server process).
[Package Manager] Cannot connect to Unity Package Manager local server
- Finished resetting the current domain, in  1.187 seconds
Domain Reload Profiling: 2115ms
	BeginReloadAssembly (223ms)
		ExecutionOrderSort (0ms)
		DisableScriptedObjects (16ms)
		BackupInstance (0ms)
		ReleaseScriptingObjects (0ms)
		CreateAndSetChildDomain (60ms)
	RebuildCommonClasses (47ms)
	RebuildNativeTypeToScriptingClass (16ms)
	initialDomainReloadingComplete (29ms)
	LoadAllAssembliesAndSetupDomain (613ms)
		LoadAssemblies (343ms)
		RebuildTransferFunctionScriptingTraits (0ms)
		AnalyzeDomain (377ms)
			TypeCache.Refresh (366ms)
				TypeCache.ScanAssembly (351ms)
			ScanForSourceGeneratedMonoScriptInfo (5ms)
			ResolveRequiredComponents (6ms)
	FinalizeReload (1188ms)
		ReleaseScriptCaches (0ms)
		RebuildScriptCaches (0ms)
		SetupLoadedEditorAssemblies (556ms)
			LogAssemblyErrors (0ms)
			InitializePlatformSupportModulesInManaged (25ms)
			SetLoadedEditorAssemblies (4ms)
			BeforeProcessingInitializeOnLoad (125ms)
			ProcessInitializeOnLoadAttributes (359ms)
			ProcessInitializeOnLoadMethodAttributes (38ms)
			AfterProcessingInitializeOnLoad (6ms)
			EditorAssembliesLoaded (0ms)
		ExecutionOrderSort2 (0ms)
		AwakeInstancesAfterBackupRestoration (14ms)
Refreshing native plugins compatible for Editor in 4.21 ms, found 4 plugins.
Preloading 0 native plugins for Editor in 0.00 ms.
Unloading 4364 Unused Serialized files (Serialized files now loaded: 0)
Unloading 50 unused Assets / (42.8 KB). Loaded Objects now: 4930.
Memory consumption went from 151.6 MB to 151.5 MB.
Total: 8.298900 ms (FindLiveObjects: 0.468500 ms CreateObjectMapping: 0.237800 ms MarkObjects: 7.485700 ms  DeleteObjects: 0.105400 ms)

Prepare: number of updated asset objects reloaded= 0
AssetImportParameters requested are different than current active one (requested -> active):
  custom:video-decoder-webm-vp8: 9c59270c3fd7afecdb556c50c9e8de78 -> 
  custom:SearchIndexIgnoredProperties: e643bd26f0fe6173181afceb89e7c659 -> 
  custom:audio-encoder-webm-vorbis: bf7c407c2cedff20999df2af8eb42d56 -> 
  custom:AudioImporter_EditorPlatform: d09bf68614088b80899f8185d706f6e7 -> 
  custom:audio-decoder-ogg-vorbis: bf7c407c2cedff20999df2af8eb42d56 -> 
  custom:video-encoder-webm-vp8: eb34c28f22e8b96e1ab97ce403110664 -> 
  custom:container-demuxer-ogg: 62fdf1f143b41e24485cea50d1cbac27 -> 
  custom:framework-win-MediaFoundation: 216162199b28c13a410421893ffa2e32 -> 
  custom:video-decoder-ogg-theora: a1e56fd34408186e4bbccfd4996cb3dc -> 
  custom:container-muxer-webm: aa71ff27fc2769a1b78a27578f13a17b -> 
  custom:CustomObjectIndexerAttribute: 756ad292c208cfabdd7b50bc23989ffe -> 
  custom:container-demuxer-webm: 4f35f7cbe854078d1ac9338744f61a02 -> 
