Using pre-set license
Built from '2023.1/staging' branch; Version is '2023.1.13f1 (ffeab063bb93) revision 16771760'; Using compiler version '192829333'; Build Type 'Release'
OS: 'Windows 10  (10.0.19045) 64bit Enterprise' Language: 'en' Physical Memory: 16278 MB
BatchMode: 1, IsHumanControllingUs: 0, StartBugReporterOnCrash: 0, Is64bit: 1, IsPro: 1

COMMAND LINE ARGUMENTS:
C:\Program Files\Unity 2023.1.13f1\Editor\Unity.exe
-adb2
-batchMode
-noUpm
-name
AssetImportWorker0
-projectPath
E:/Projects/MangoMayhem
-logFile
Logs/AssetImportWorker0.log
-srvPort
52740
Successfully changed project path to: E:/Projects/MangoMayhem
E:/Projects/MangoMayhem
[UnityMemory] Configuration Parameters - Can be set up in boot.config
    "memorysetup-bucket-allocator-granularity=16"
    "memorysetup-bucket-allocator-bucket-count=8"
    "memorysetup-bucket-allocator-block-size=33554432"
    "memorysetup-bucket-allocator-block-count=8"
    "memorysetup-main-allocator-block-size=16777216"
    "memorysetup-thread-allocator-block-size=16777216"
    "memorysetup-gfx-main-allocator-block-size=16777216"
    "memorysetup-gfx-thread-allocator-block-size=16777216"
    "memorysetup-cache-allocator-block-size=4194304"
    "memorysetup-typetree-allocator-block-size=2097152"
    "memorysetup-profiler-bucket-allocator-granularity=16"
    "memorysetup-profiler-bucket-allocator-bucket-count=8"
    "memorysetup-profiler-bucket-allocator-block-size=33554432"
    "memorysetup-profiler-bucket-allocator-block-count=8"
    "memorysetup-profiler-allocator-block-size=16777216"
    "memorysetup-profiler-editor-allocator-block-size=1048576"
    "memorysetup-temp-allocator-size-main=16777216"
    "memorysetup-job-temp-allocator-block-size=2097152"
    "memorysetup-job-temp-allocator-block-size-background=1048576"
    "memorysetup-job-temp-allocator-reduction-small-platforms=262144"
    "memorysetup-allocator-temp-initial-block-size-main=262144"
    "memorysetup-allocator-temp-initial-block-size-worker=262144"
    "memorysetup-temp-allocator-size-background-worker=32768"
    "memorysetup-temp-allocator-size-job-worker=262144"
    "memorysetup-temp-allocator-size-preload-manager=33554432"
    "memorysetup-temp-allocator-size-nav-mesh-worker=65536"
    "memorysetup-temp-allocator-size-audio-worker=65536"
    "memorysetup-temp-allocator-size-cloud-worker=32768"
    "memorysetup-temp-allocator-size-gi-baking-worker=262144"
    "memorysetup-temp-allocator-size-gfx=262144"
Player connection [13480] Host "[IP] 10.54.31.87 [Port] 0 [Flags] 2 [Guid] 397141769 [EditorId] 397141769 [Version] 1048832 [Id] WindowsEditor(7,MRI-05MGD6) [Debug] 1 [PackageName] WindowsEditor [ProjectName] Editor" joined multi-casting on [225.0.0.222:54997]...

Player connection [13480] Host "[IP] 10.54.31.87 [Port] 0 [Flags] 2 [Guid] 397141769 [EditorId] 397141769 [Version] 1048832 [Id] WindowsEditor(7,MRI-05MGD6) [Debug] 1 [PackageName] WindowsEditor [ProjectName] Editor" joined alternative multi-casting on [225.0.0.222:34997]...

[Physics::Module] Initialized MultithreadedJobDispatcher with 11 workers.
Library Redirect Path: Library/Refreshing native plugins compatible for Editor in 12.38 ms, found 4 plugins.
Preloading 0 native plugins for Editor in 0.00 ms.
Initialize engine version: 2023.1.13f1 (ffeab063bb93)
[Subsystems] Discovering subsystems at path C:/Program Files/Unity 2023.1.13f1/Editor/Data/Resources/UnitySubsystems
[Subsystems] Discovering subsystems at path E:/Projects/MangoMayhem/Assets
GfxDevice: creating device client; threaded=0; jobified=0
Direct3D:
    Version:  Direct3D 11.0 [level 11.1]
    Renderer: NVIDIA Quadro M5000 (ID=0x13f0)
    Vendor:   NVIDIA
    VRAM:     8139 MB
    Driver:   31.0.15.3734
Initialize mono
Mono path[0] = 'C:/Program Files/Unity 2023.1.13f1/Editor/Data/Managed'
Mono path[1] = 'C:/Program Files/Unity 2023.1.13f1/Editor/Data/MonoBleedingEdge/lib/mono/unityjit-win32'
Mono config path = 'C:/Program Files/Unity 2023.1.13f1/Editor/Data/MonoBleedingEdge/etc'
Using monoOptions --debugger-agent=transport=dt_socket,embedding=1,server=y,suspend=n,address=127.0.0.1:56548
Begin MonoManager ReloadAssembly
C:\build\output\Unity-Technologies\mono\mono\metadata\icall.c:1842:
C:\build\output\Unity-Technologies\mono\mono\metadata\icall.c:1842:
C:\build\output\Unity-Technologies\mono\mono\metadata\icall.c:1842:
C:\build\output\Unity-Technologies\mono\mono\metadata\icall.c:1842:
C:\build\output\Unity-Technologies\mono\mono\metadata\icall.c:1842:
C:\build\output\Unity-Technologies\mono\mono\metadata\icall.c:1842:
C:\build\output\Unity-Technologies\mono\mono\metadata\icall.c:1842:
C:\build\output\Unity-Technologies\mono\mono\metadata\icall.c:1842:
C:\build\output\Unity-Technologies\mono\mono\metadata\icall.c:1842:
C:\build\output\Unity-Technologies\mono\mono\metadata\icall.c:1842:
Registering precompiled unity dll's ...
Register platform support module: C:/Program Files/Unity 2023.1.13f1/Editor/Data/PlaybackEngines/WindowsStandaloneSupport/UnityEditor.WindowsStandalone.Extensions.dll
Register platform support module: C:/Program Files/Unity 2023.1.13f1/Editor/Data/PlaybackEngines/iOSSupport/UnityEditor.iOS.Extensions.dll
Registered in 0.004413 seconds.
- Loaded All Assemblies, in  0.458 seconds
[usbmuxd] Start listen thread
[usbmuxd] Listen thread started
Native extension for iOS target not found
Native extension for WindowsStandalone target not found
Mono: successfully reloaded assembly
C:\build\output\Unity-Technologies\mono\mono\metadata\icall.c:1842:
C:\build\output\Unity-Technologies\mono\mono\metadata\icall.c:1842:
- Finished resetting the current domain, in  0.417 seconds
Domain Reload Profiling: 873ms
	BeginReloadAssembly (145ms)
		ExecutionOrderSort (0ms)
		DisableScriptedObjects (0ms)
		BackupInstance (0ms)
		ReleaseScriptingObjects (0ms)
		CreateAndSetChildDomain (1ms)
	RebuildCommonClasses (40ms)
	RebuildNativeTypeToScriptingClass (14ms)
	initialDomainReloadingComplete (57ms)
	LoadAllAssembliesAndSetupDomain (200ms)
		LoadAssemblies (142ms)
		RebuildTransferFunctionScriptingTraits (0ms)
		AnalyzeDomain (195ms)
			TypeCache.Refresh (194ms)
				TypeCache.ScanAssembly (180ms)
			ScanForSourceGeneratedMonoScriptInfo (0ms)
			ResolveRequiredComponents (1ms)
	FinalizeReload (417ms)
		ReleaseScriptCaches (0ms)
		RebuildScriptCaches (0ms)
		SetupLoadedEditorAssemblies (363ms)
			LogAssemblyErrors (0ms)
			InitializePlatformSupportModulesInManaged (110ms)
			SetLoadedEditorAssemblies (7ms)
			BeforeProcessingInitializeOnLoad (10ms)
			ProcessInitializeOnLoadAttributes (165ms)
			ProcessInitializeOnLoadMethodAttributes (71ms)
			AfterProcessingInitializeOnLoad (0ms)
			EditorAssembliesLoaded (0ms)
		ExecutionOrderSort2 (0ms)
		AwakeInstancesAfterBackupRestoration (0ms)
========================================================================
Worker process is ready to serve import requests
Import Worker Mode flag is 0x00
Begin MonoManager ReloadAssembly
C:\build\output\Unity-Technologies\mono\mono\metadata\icall.c:1842:
C:\build\output\Unity-Technologies\mono\mono\metadata\icall.c:1842:
C:\build\output\Unity-Technologies\mono\mono\metadata\icall.c:1842:
C:\build\output\Unity-Technologies\mono\mono\metadata\icall.c:1842:
C:\build\output\Unity-Technologies\mono\mono\metadata\icall.c:1842:
C:\build\output\Unity-Technologies\mono\mono\metadata\icall.c:1842:
C:\build\output\Unity-Technologies\mono\mono\metadata\icall.c:1842:
C:\build\output\Unity-Technologies\mono\mono\metadata\icall.c:1842:
C:\build\output\Unity-Technologies\mono\mono\metadata\icall.c:1842:
C:\build\output\Unity-Technologies\mono\mono\metadata\icall.c:1842:
C:\build\output\Unity-Technologies\mono\mono\metadata\icall.c:1842:
C:\build\output\Unity-Technologies\mono\mono\metadata\icall.c:1842:
Symbol file LoadedFromMemory doesn't match image E:\Projects\MangoMayhem\Library\PackageCache\com.unity.visualscripting@1.8.0\Editor\VisualScripting.Core\Dependencies\YamlDotNet\Unity.VisualScripting.YamlDotNet.dll
Symbol file LoadedFromMemory doesn't match image E:\Projects\MangoMayhem\Library\PackageCache\com.unity.visualscripting@1.8.0\Editor\VisualScripting.Core\Dependencies\DotNetZip\Unity.VisualScripting.IonicZip.dll
- Loaded All Assemblies, in  1.058 seconds
Refreshing native plugins compatible for Editor in 4.19 ms, found 4 plugins.
Native extension for iOS target not found
Native extension for WindowsStandalone target not found
Mono: successfully reloaded assembly
Package Manager log level set to [2]
[Package Manager] Failed to launch server process. Reason: Unity was launched with the -noUpm command-line argument
[Package Manager] Unable to send message (not connected to server process).
[Package Manager] Cannot connect to Unity Package Manager local server
[Package Manager] Failed to launch server process. Reason: Unity was launched with the -noUpm command-line argument
[Package Manager] Unable to send message (not connected to server process).
[Package Manager] Cannot connect to Unity Package Manager local server
- Finished resetting the current domain, in  0.782 seconds
Domain Reload Profiling: 1838ms
	BeginReloadAssembly (345ms)
		ExecutionOrderSort (0ms)
		DisableScriptedObjects (6ms)
		BackupInstance (0ms)
		ReleaseScriptingObjects (0ms)
		CreateAndSetChildDomain (41ms)
	RebuildCommonClasses (39ms)
	RebuildNativeTypeToScriptingClass (14ms)
	initialDomainReloadingComplete (43ms)
	LoadAllAssembliesAndSetupDomain (614ms)
		LoadAssemblies (352ms)
		RebuildTransferFunctionScriptingTraits (0ms)
		AnalyzeDomain (361ms)
			TypeCache.Refresh (327ms)
				TypeCache.ScanAssembly (311ms)
			ScanForSourceGeneratedMonoScriptInfo (28ms)
			ResolveRequiredComponents (5ms)
	FinalizeReload (782ms)
		ReleaseScriptCaches (0ms)
		RebuildScriptCaches (0ms)
		SetupLoadedEditorAssemblies (536ms)
			LogAssemblyErrors (0ms)
			InitializePlatformSupportModulesInManaged (21ms)
			SetLoadedEditorAssemblies (4ms)
			BeforeProcessingInitializeOnLoad (102ms)
			ProcessInitializeOnLoadAttributes (363ms)
			ProcessInitializeOnLoadMethodAttributes (42ms)
			AfterProcessingInitializeOnLoad (5ms)
			EditorAssembliesLoaded (0ms)
		ExecutionOrderSort2 (0ms)
		AwakeInstancesAfterBackupRestoration (10ms)
Launched and connected shader compiler UnityShaderCompiler.exe after 0.01 seconds
Refreshing native plugins compatible for Editor in 4.85 ms, found 4 plugins.
Preloading 0 native plugins for Editor in 0.00 ms.
Unloading 4378 Unused Serialized files (Serialized files now loaded: 0)
Unloading 79 unused Assets / (64.8 KB). Loaded Objects now: 4901.
Memory consumption went from 155.5 MB to 155.4 MB.
Total: 5.180000 ms (FindLiveObjects: 0.426400 ms CreateObjectMapping: 0.289800 ms MarkObjects: 4.321300 ms  DeleteObjects: 0.141500 ms)

AssetImportParameters requested are different than current active one (requested -> active):
  custom:video-decoder-webm-vp8: 9c59270c3fd7afecdb556c50c9e8de78 -> 
  custom:SearchIndexIgnoredProperties: e643bd26f0fe6173181afceb89e7c659 -> 
  custom:audio-encoder-webm-vorbis: bf7c407c2cedff20999df2af8eb42d56 -> 
  custom:AudioImporter_EditorPlatform: d09bf68614088b80899f8185d706f6e7 -> 
  custom:audio-decoder-ogg-vorbis: bf7c407c2cedff20999df2af8eb42d56 -> 
  custom:video-encoder-webm-vp8: eb34c28f22e8b96e1ab97ce403110664 -> 
  custom:container-demuxer-ogg: 62fdf1f143b41e24485cea50d1cbac27 -> 
  custom:framework-win-MediaFoundation: 216162199b28c13a410421893ffa2e32 -> 
  custom:video-decoder-ogg-theora: a1e56fd34408186e4bbccfd4996cb3dc -> 
  custom:container-muxer-webm: aa71ff27fc2769a1b78a27578f13a17b -> 
  custom:CustomObjectIndexerAttribute: 756ad292c208cfabdd7b50bc23989ffe -> 
  custom:container-demuxer-webm: 4f35f7cbe854078d1ac9338744f61a02 -> 
========================================================================
Received Import Request.
  Time since last request: 11051.301383 seconds.
  path: Assets/Lidfar's Basic Platformer Sprites/Scenery
  artifactKey: Guid(a4cc5848371355a4280bcf7572da4d30) Importer(815301076,1909f56bfc062723c751e8b465ee728b)
Start importing Assets/Lidfar's Basic Platformer Sprites/Scenery using Guid(a4cc5848371355a4280bcf7572da4d30) Importer(815301076,1909f56bfc062723c751e8b465ee728b)  -> (artifact id: '784b0f1897581877c65fc0ffd89bdf27') in 0.002962 seconds
Number of updated asset objects reloaded before import = 0
Number of asset objects unloaded after import = 0
========================================================================
Received Import Request.
  Time since last request: 0.320355 seconds.
  path: Assets/Lidfar's Basic Platformer Sprites/Scenery/Nature_0.prefab
  artifactKey: Guid(60c90771f80d88f49b2a9c8c77ed8faa) Importer(815301076,1909f56bfc062723c751e8b465ee728b)
Start importing Assets/Lidfar's Basic Platformer Sprites/Scenery/Nature_0.prefab using Guid(60c90771f80d88f49b2a9c8c77ed8faa) Importer(815301076,1909f56bfc062723c751e8b465ee728b)  -> (artifact id: '507862f6779d055200e5151a74d413d4') in 0.147891 seconds
Number of updated asset objects reloaded before import = 0
Number of asset objects unloaded after import = 7
========================================================================
Received Import Request.
  Time since last request: 0.000020 seconds.
  path: Assets/Lidfar's Basic Platformer Sprites/Scenery/Nature_14.prefab
  artifactKey: Guid(4135d3d9feac0614b93bb3763239caa9) Importer(815301076,1909f56bfc062723c751e8b465ee728b)
Start importing Assets/Lidfar's Basic Platformer Sprites/Scenery/Nature_14.prefab using Guid(4135d3d9feac0614b93bb3763239caa9) Importer(815301076,1909f56bfc062723c751e8b465ee728b)  -> (artifact id: '2703a9c45b4d4c4ea8391c1fbc4c77ec') in 0.013297 seconds
Number of updated asset objects reloaded before import = 0
Number of asset objects unloaded after import = 7
========================================================================
Received Import Request.
  Time since last request: 0.000023 seconds.
  path: Assets/Lidfar's Basic Platformer Sprites/Scenery/Nature_11.prefab
  artifactKey: Guid(eff38dfe5fb364c48bd0c2b376cf222e) Importer(815301076,1909f56bfc062723c751e8b465ee728b)
Start importing Assets/Lidfar's Basic Platformer Sprites/Scenery/Nature_11.prefab using Guid(eff38dfe5fb364c48bd0c2b376cf222e) Importer(815301076,1909f56bfc062723c751e8b465ee728b)  -> (artifact id: '99a67e93a3ddd483c3f5cf9ad30834b5') in 0.013569 seconds
Number of updated asset objects reloaded before import = 0
Number of asset objects unloaded after import = 7
========================================================================
Received Import Request.
  Time since last request: 0.000015 seconds.
  path: Assets/Lidfar's Basic Platformer Sprites/Scenery/Wood_2.prefab
  artifactKey: Guid(be4070a1e893f6a49880d29c0c923a24) Importer(815301076,1909f56bfc062723c751e8b465ee728b)
Start importing Assets/Lidfar's Basic Platformer Sprites/Scenery/Wood_2.prefab using Guid(be4070a1e893f6a49880d29c0c923a24) Importer(815301076,1909f56bfc062723c751e8b465ee728b)  -> (artifact id: '71c1a975b68589e6e353134adbb1e9c2') in 0.013065 seconds
Number of updated asset objects reloaded before import = 0
Number of asset objects unloaded after import = 7
========================================================================
Received Import Request.
  Time since last request: 0.000015 seconds.
  path: Assets/Lidfar's Basic Platformer Sprites/Scenery/Wood_4.prefab
  artifactKey: Guid(9e10cf066f22e8142b63e0b2a6cb2043) Importer(815301076,1909f56bfc062723c751e8b465ee728b)
Start importing Assets/Lidfar's Basic Platformer Sprites/Scenery/Wood_4.prefab using Guid(9e10cf066f22e8142b63e0b2a6cb2043) Importer(815301076,1909f56bfc062723c751e8b465ee728b)  -> (artifact id: '22d8c5a6a7ec06230230994f12d6cc9a') in 0.012826 seconds
Number of updated asset objects reloaded before import = 0
Number of asset objects unloaded after import = 7
========================================================================
Received Import Request.
  Time since last request: 0.000021 seconds.
  path: Assets/Lidfar's Basic Platformer Sprites/Scenery/Wood_0.prefab
  artifactKey: Guid(68699c1d06c2c1c4f89754dba2534b53) Importer(815301076,1909f56bfc062723c751e8b465ee728b)
Start importing Assets/Lidfar's Basic Platformer Sprites/Scenery/Wood_0.prefab using Guid(68699c1d06c2c1c4f89754dba2534b53) Importer(815301076,1909f56bfc062723c751e8b465ee728b)  -> (artifact id: '106a4d52db62c3741fa6f492a9686ae6') in 0.013482 seconds
Number of updated asset objects reloaded before import = 0
Number of asset objects unloaded after import = 7
========================================================================
Received Import Request.
  Time since last request: 0.000016 seconds.
  path: Assets/Lidfar's Basic Platformer Sprites/Scenery/Wood_1.prefab
  artifactKey: Guid(b9ed7e3e7c66f2249a5b8c2cc7348ee0) Importer(815301076,1909f56bfc062723c751e8b465ee728b)
Start importing Assets/Lidfar's Basic Platformer Sprites/Scenery/Wood_1.prefab using Guid(b9ed7e3e7c66f2249a5b8c2cc7348ee0) Importer(815301076,1909f56bfc062723c751e8b465ee728b)  -> (artifact id: '6b8f057bed6cbe72442659a9b23e0791') in 0.013701 seconds
Number of updated asset objects reloaded before import = 0
Number of asset objects unloaded after import = 7
========================================================================
Received Import Request.
  Time since last request: 0.000015 seconds.
  path: Assets/Lidfar's Basic Platformer Sprites/Scenery/Nature_8.prefab
  artifactKey: Guid(9a846ce9043e0a8499034f7ad64efd6b) Importer(815301076,1909f56bfc062723c751e8b465ee728b)
Start importing Assets/Lidfar's Basic Platformer Sprites/Scenery/Nature_8.prefab using Guid(9a846ce9043e0a8499034f7ad64efd6b) Importer(815301076,1909f56bfc062723c751e8b465ee728b)  -> (artifact id: 'f0f765d27d20c9ce39d85d1d644d14c3') in 0.013060 seconds
Number of updated asset objects reloaded before import = 0
Number of asset objects unloaded after import = 7
========================================================================
Received Import Request.
  Time since last request: 0.000016 seconds.
  path: Assets/Lidfar's Basic Platformer Sprites/Scenery/Nature_18.prefab
  artifactKey: Guid(eb4a200d27f43d246b354615cd9e8a86) Importer(815301076,1909f56bfc062723c751e8b465ee728b)
Start importing Assets/Lidfar's Basic Platformer Sprites/Scenery/Nature_18.prefab using Guid(eb4a200d27f43d246b354615cd9e8a86) Importer(815301076,1909f56bfc062723c751e8b465ee728b)  -> (artifact id: '387eb45125653c192d7ad27a46497087') in 0.013059 seconds
Number of updated asset objects reloaded before import = 0
Number of asset objects unloaded after import = 7
========================================================================
Received Import Request.
  Time since last request: 0.000015 seconds.
  path: Assets/Lidfar's Basic Platformer Sprites/Scenery/Nature_13.prefab
  artifactKey: Guid(bcf0fda8dd12cd144b2523c83757ea3d) Importer(815301076,1909f56bfc062723c751e8b465ee728b)
Start importing Assets/Lidfar's Basic Platformer Sprites/Scenery/Nature_13.prefab using Guid(bcf0fda8dd12cd144b2523c83757ea3d) Importer(815301076,1909f56bfc062723c751e8b465ee728b)  -> (artifact id: '5f649cb7d27b1d2cb91eeae0a401844a') in 0.013018 seconds
Number of updated asset objects reloaded before import = 0
Number of asset objects unloaded after import = 7
========================================================================
Received Import Request.
  Time since last request: 0.000016 seconds.
  path: Assets/Lidfar's Basic Platformer Sprites/Scenery/Nature_17.prefab
  artifactKey: Guid(525aeee4c5aae7d45838f5b275cef30a) Importer(815301076,1909f56bfc062723c751e8b465ee728b)
Start importing Assets/Lidfar's Basic Platformer Sprites/Scenery/Nature_17.prefab using Guid(525aeee4c5aae7d45838f5b275cef30a) Importer(815301076,1909f56bfc062723c751e8b465ee728b)  -> (artifact id: '8a5f4f3331958f26e8f76fa40dd6c701') in 0.013879 seconds
Number of updated asset objects reloaded before import = 0
Number of asset objects unloaded after import = 7
========================================================================
Received Import Request.
  Time since last request: 0.000016 seconds.
  path: Assets/Lidfar's Basic Platformer Sprites/Scenery/Nature_9.prefab
  artifactKey: Guid(5620e4d8d5bf7cd44923863b42dbc8ce) Importer(815301076,1909f56bfc062723c751e8b465ee728b)
Start importing Assets/Lidfar's Basic Platformer Sprites/Scenery/Nature_9.prefab using Guid(5620e4d8d5bf7cd44923863b42dbc8ce) Importer(815301076,1909f56bfc062723c751e8b465ee728b)  -> (artifact id: 'cfee4da2468e22bd68862abb4e828703') in 0.012653 seconds
Number of updated asset objects reloaded before import = 0
Number of asset objects unloaded after import = 7
========================================================================
Received Import Request.
  Time since last request: 0.000017 seconds.
  path: Assets/Lidfar's Basic Platformer Sprites/Scenery/Nature_3.prefab
  artifactKey: Guid(277dba54262cde0429dd5c8c0e3de7dc) Importer(815301076,1909f56bfc062723c751e8b465ee728b)
Start importing Assets/Lidfar's Basic Platformer Sprites/Scenery/Nature_3.prefab using Guid(277dba54262cde0429dd5c8c0e3de7dc) Importer(815301076,1909f56bfc062723c751e8b465ee728b)  -> (artifact id: '62a935532dd4af9d0ad36605d636a014') in 0.013545 seconds
Number of updated asset objects reloaded before import = 0
Number of asset objects unloaded after import = 7
========================================================================
Received Import Request.
  Time since last request: 0.000015 seconds.
  path: Assets/Lidfar's Basic Platformer Sprites/Scenery/Nature_16.prefab
  artifactKey: Guid(068b917d2b429dc4187105c3462a6200) Importer(815301076,1909f56bfc062723c751e8b465ee728b)
Start importing Assets/Lidfar's Basic Platformer Sprites/Scenery/Nature_16.prefab using Guid(068b917d2b429dc4187105c3462a6200) Importer(815301076,1909f56bfc062723c751e8b465ee728b)  -> (artifact id: '6bba8452488082a8427f64dcc0557a36') in 0.013087 seconds
Number of updated asset objects reloaded before import = 0
Number of asset objects unloaded after import = 7
========================================================================
Received Import Request.
  Time since last request: 2.808399 seconds.
  path: Assets/Lidfar's Basic Platformer Sprites/Props
  artifactKey: Guid(38f01bec7bf06fb4e9357c5e28a9869e) Importer(815301076,1909f56bfc062723c751e8b465ee728b)
Start importing Assets/Lidfar's Basic Platformer Sprites/Props using Guid(38f01bec7bf06fb4e9357c5e28a9869e) Importer(815301076,1909f56bfc062723c751e8b465ee728b)  -> (artifact id: 'cbfa101f3e4b449e8212d0a56efa49af') in 0.000544 seconds
Number of updated asset objects reloaded before import = 0
Number of asset objects unloaded after import = 0
========================================================================
Received Import Request.
  Time since last request: 0.106908 seconds.
  path: Assets/Lidfar's Basic Platformer Sprites/Props/Props_0.prefab
  artifactKey: Guid(e9b2f60afebb9ab4bbf38a1defa655a3) Importer(815301076,1909f56bfc062723c751e8b465ee728b)
Start importing Assets/Lidfar's Basic Platformer Sprites/Props/Props_0.prefab using Guid(e9b2f60afebb9ab4bbf38a1defa655a3) Importer(815301076,1909f56bfc062723c751e8b465ee728b)  -> (artifact id: '3c17698dc43a9592b2b67cd17cbb1f5a') in 0.024248 seconds
Number of updated asset objects reloaded before import = 0
Number of asset objects unloaded after import = 7
========================================================================
Received Import Request.
  Time since last request: 0.000034 seconds.
  path: Assets/Lidfar's Basic Platformer Sprites/Props/Props_9.prefab
  artifactKey: Guid(dbcb44bcbb3818e478922fc347cb9d39) Importer(815301076,1909f56bfc062723c751e8b465ee728b)
Start importing Assets/Lidfar's Basic Platformer Sprites/Props/Props_9.prefab using Guid(dbcb44bcbb3818e478922fc347cb9d39) Importer(815301076,1909f56bfc062723c751e8b465ee728b)  -> (artifact id: '15bb8cd76c445d1d8e175cc23d7ce361') in 0.016084 seconds
Number of updated asset objects reloaded before import = 0
Number of asset objects unloaded after import = 7
========================================================================
Received Import Request.
  Time since last request: 0.000017 seconds.
  path: Assets/Lidfar's Basic Platformer Sprites/Props/Props_8.prefab
  artifactKey: Guid(80ed49c6d8214f54fb805f5c56fc8067) Importer(815301076,1909f56bfc062723c751e8b465ee728b)
Start importing Assets/Lidfar's Basic Platformer Sprites/Props/Props_8.prefab using Guid(80ed49c6d8214f54fb805f5c56fc8067) Importer(815301076,1909f56bfc062723c751e8b465ee728b)  -> (artifact id: '9924d8560f562bd3ca69d66e96ed0a65') in 0.011859 seconds
Number of updated asset objects reloaded before import = 0
Number of asset objects unloaded after import = 7
========================================================================
Received Import Request.
  Time since last request: 0.000018 seconds.
  path: Assets/Lidfar's Basic Platformer Sprites/Props/Props_4.prefab
  artifactKey: Guid(9d75a60327853c340b4053c45ae2f6fd) Importer(815301076,1909f56bfc062723c751e8b465ee728b)
Start importing Assets/Lidfar's Basic Platformer Sprites/Props/Props_4.prefab using Guid(9d75a60327853c340b4053c45ae2f6fd) Importer(815301076,1909f56bfc062723c751e8b465ee728b)  -> (artifact id: '59cb6602f9d7ffb957ce44f5ec0584af') in 0.014585 seconds
Number of updated asset objects reloaded before import = 0
Number of asset objects unloaded after import = 7
========================================================================
Received Import Request.
  Time since last request: 0.000021 seconds.
  path: Assets/Lidfar's Basic Platformer Sprites/Props/Props_7.prefab
  artifactKey: Guid(ef0a39bc07e0f114d91dacce2a98e0c0) Importer(815301076,1909f56bfc062723c751e8b465ee728b)
Start importing Assets/Lidfar's Basic Platformer Sprites/Props/Props_7.prefab using Guid(ef0a39bc07e0f114d91dacce2a98e0c0) Importer(815301076,1909f56bfc062723c751e8b465ee728b)  -> (artifact id: '9b3c2ac22836cae716552b79bddf3756') in 0.015366 seconds
Number of updated asset objects reloaded before import = 0
Number of asset objects unloaded after import = 7
========================================================================
Received Import Request.
  Time since last request: 0.000017 seconds.
  path: Assets/Lidfar's Basic Platformer Sprites/Props/Props_15.prefab
  artifactKey: Guid(9329d002cebe2074caf22ea42a47dfa3) Importer(815301076,1909f56bfc062723c751e8b465ee728b)
Start importing Assets/Lidfar's Basic Platformer Sprites/Props/Props_15.prefab using Guid(9329d002cebe2074caf22ea42a47dfa3) Importer(815301076,1909f56bfc062723c751e8b465ee728b)  -> (artifact id: 'b170beb351a096b07838756a76921e52') in 0.012670 seconds
Number of updated asset objects reloaded before import = 0
Number of asset objects unloaded after import = 7
========================================================================
Received Import Request.
  Time since last request: 0.000017 seconds.
  path: Assets/Lidfar's Basic Platformer Sprites/Props/Props_19.prefab
  artifactKey: Guid(6090bfc1beef7b944a89bf1cb1944679) Importer(815301076,1909f56bfc062723c751e8b465ee728b)
Start importing Assets/Lidfar's Basic Platformer Sprites/Props/Props_19.prefab using Guid(6090bfc1beef7b944a89bf1cb1944679) Importer(815301076,1909f56bfc062723c751e8b465ee728b)  -> (artifact id: '6a13b6fbe06065f06caac5651a569f9b') in 0.012852 seconds
Number of updated asset objects reloaded before import = 0
Number of asset objects unloaded after import = 7
========================================================================
Received Import Request.
  Time since last request: 0.000018 seconds.
  path: Assets/Lidfar's Basic Platformer Sprites/Props/Props_12.prefab
  artifactKey: Guid(aa8f58b5bc168d24ba6538140261883e) Importer(815301076,1909f56bfc062723c751e8b465ee728b)
Start importing Assets/Lidfar's Basic Platformer Sprites/Props/Props_12.prefab using Guid(aa8f58b5bc168d24ba6538140261883e) Importer(815301076,1909f56bfc062723c751e8b465ee728b)  -> (artifact id: '9bbf1fc9b2f521019f921e9f8696408e') in 0.013805 seconds
Number of updated asset objects reloaded before import = 0
Number of asset objects unloaded after import = 7
========================================================================
Received Import Request.
  Time since last request: 0.000019 seconds.
  path: Assets/Lidfar's Basic Platformer Sprites/Props/Props_13.prefab
  artifactKey: Guid(a73ff71e8eba83549894313745cc7182) Importer(815301076,1909f56bfc062723c751e8b465ee728b)
Start importing Assets/Lidfar's Basic Platformer Sprites/Props/Props_13.prefab using Guid(a73ff71e8eba83549894313745cc7182) Importer(815301076,1909f56bfc062723c751e8b465ee728b)  -> (artifact id: 'e98e98baa97866b0e6da78e4dc74fc41') in 0.012873 seconds
Number of updated asset objects reloaded before import = 0
Number of asset objects unloaded after import = 7
========================================================================
Received Import Request.
  Time since last request: 0.000017 seconds.
  path: Assets/Lidfar's Basic Platformer Sprites/Props/Props_10.prefab
  artifactKey: Guid(c73fe772724dd8a4e950434919d91c82) Importer(815301076,1909f56bfc062723c751e8b465ee728b)
Start importing Assets/Lidfar's Basic Platformer Sprites/Props/Props_10.prefab using Guid(c73fe772724dd8a4e950434919d91c82) Importer(815301076,1909f56bfc062723c751e8b465ee728b)  -> (artifact id: '70541051029e2c9aa1df1a87b76df173') in 0.012255 seconds
Number of updated asset objects reloaded before import = 0
Number of asset objects unloaded after import = 7
========================================================================
Received Import Request.
  Time since last request: 0.000018 seconds.
  path: Assets/Lidfar's Basic Platformer Sprites/Props/Props_18.prefab
  artifactKey: Guid(3e3f8fd62dc7db04d9798a169f1acedc) Importer(815301076,1909f56bfc062723c751e8b465ee728b)
Start importing Assets/Lidfar's Basic Platformer Sprites/Props/Props_18.prefab using Guid(3e3f8fd62dc7db04d9798a169f1acedc) Importer(815301076,1909f56bfc062723c751e8b465ee728b)  -> (artifact id: '3ebd4423a983bcb3e6a67f3194b18bf0') in 0.013302 seconds
Number of updated asset objects reloaded before import = 0
Number of asset objects unloaded after import = 7
========================================================================
Received Import Request.
  Time since last request: 2.272293 seconds.
  path: Assets/Lidfar's Basic Platformer Sprites/People/People_1.prefab
  artifactKey: Guid(269b5c1e3dc32254284f6fcdf9c1f4b6) Importer(815301076,1909f56bfc062723c751e8b465ee728b)
Start importing Assets/Lidfar's Basic Platformer Sprites/People/People_1.prefab using Guid(269b5c1e3dc32254284f6fcdf9c1f4b6) Importer(815301076,1909f56bfc062723c751e8b465ee728b)  -> (artifact id: 'a6bce93062a5d2c3174627a8996d6d8a') in 0.021022 seconds
Number of updated asset objects reloaded before import = 0
Number of asset objects unloaded after import = 7
========================================================================
Received Import Request.
  Time since last request: 0.000016 seconds.
  path: Assets/Lidfar's Basic Platformer Sprites/People/People_14.prefab
  artifactKey: Guid(b3b627e3a0aeca7418f02111667516ca) Importer(815301076,1909f56bfc062723c751e8b465ee728b)
Start importing Assets/Lidfar's Basic Platformer Sprites/People/People_14.prefab using Guid(b3b627e3a0aeca7418f02111667516ca) Importer(815301076,1909f56bfc062723c751e8b465ee728b)  -> (artifact id: '224781214322ee15628e1888e68e8963') in 0.015576 seconds
Number of updated asset objects reloaded before import = 0
Number of asset objects unloaded after import = 7
========================================================================
Received Import Request.
  Time since last request: 0.000019 seconds.
  path: Assets/Lidfar's Basic Platformer Sprites/People/People_4.prefab
  artifactKey: Guid(d635ea411d775134086d5d0dcee9ecd2) Importer(815301076,1909f56bfc062723c751e8b465ee728b)
Start importing Assets/Lidfar's Basic Platformer Sprites/People/People_4.prefab using Guid(d635ea411d775134086d5d0dcee9ecd2) Importer(815301076,1909f56bfc062723c751e8b465ee728b)  -> (artifact id: '5da028e1133b553a6311c0e0704c2928') in 0.013934 seconds
Number of updated asset objects reloaded before import = 0
Number of asset objects unloaded after import = 7
========================================================================
Received Import Request.
  Time since last request: 0.000025 seconds.
  path: Assets/Lidfar's Basic Platformer Sprites/People/People_10.prefab
  artifactKey: Guid(5610e7474586ccf4cbe2b21e694cd74d) Importer(815301076,1909f56bfc062723c751e8b465ee728b)
Start importing Assets/Lidfar's Basic Platformer Sprites/People/People_10.prefab using Guid(5610e7474586ccf4cbe2b21e694cd74d) Importer(815301076,1909f56bfc062723c751e8b465ee728b)  -> (artifact id: 'dda9b3ee3796dbc80b15e4b89a4c3cd1') in 0.012657 seconds
Number of updated asset objects reloaded before import = 0
Number of asset objects unloaded after import = 7
========================================================================
Received Import Request.
  Time since last request: 0.000022 seconds.
  path: Assets/Lidfar's Basic Platformer Sprites/People/People_11.prefab
  artifactKey: Guid(a9cfebaeba55bdc49af9ef9c375a20a0) Importer(815301076,1909f56bfc062723c751e8b465ee728b)
Start importing Assets/Lidfar's Basic Platformer Sprites/People/People_11.prefab using Guid(a9cfebaeba55bdc49af9ef9c375a20a0) Importer(815301076,1909f56bfc062723c751e8b465ee728b)  -> (artifact id: '6cc0bd7bc040ca03827fbd790346d54b') in 0.011612 seconds
Number of updated asset objects reloaded before import = 0
Number of asset objects unloaded after import = 7
========================================================================
Received Import Request.
  Time since last request: 0.000020 seconds.
  path: Assets/Lidfar's Basic Platformer Sprites/People/People_5.prefab
  artifactKey: Guid(3294d9a567aea9446aa8fdd45e9e72bf) Importer(815301076,1909f56bfc062723c751e8b465ee728b)
Start importing Assets/Lidfar's Basic Platformer Sprites/People/People_5.prefab using Guid(3294d9a567aea9446aa8fdd45e9e72bf) Importer(815301076,1909f56bfc062723c751e8b465ee728b)  -> (artifact id: 'd1725bdd97e52e59718563333607aba5') in 0.013829 seconds
Number of updated asset objects reloaded before import = 0
Number of asset objects unloaded after import = 7
========================================================================
Received Import Request.
  Time since last request: 0.000021 seconds.
  path: Assets/Lidfar's Basic Platformer Sprites/People/People_12.prefab
  artifactKey: Guid(dd1d80e849546134d98c3beaa0fb8ded) Importer(815301076,1909f56bfc062723c751e8b465ee728b)
Start importing Assets/Lidfar's Basic Platformer Sprites/People/People_12.prefab using Guid(dd1d80e849546134d98c3beaa0fb8ded) Importer(815301076,1909f56bfc062723c751e8b465ee728b)  -> (artifact id: 'a718981e7745583b7fec3c5217374763') in 0.014233 seconds
Number of updated asset objects reloaded before import = 0
Number of asset objects unloaded after import = 7
========================================================================
Received Import Request.
  Time since last request: 2.272438 seconds.
  path: Assets/Lidfar's Basic Platformer Sprites/Monsters/Monsters_1.prefab
  artifactKey: Guid(73670e54f446e8d43b89417748d75cb5) Importer(815301076,1909f56bfc062723c751e8b465ee728b)
Start importing Assets/Lidfar's Basic Platformer Sprites/Monsters/Monsters_1.prefab using Guid(73670e54f446e8d43b89417748d75cb5) Importer(815301076,1909f56bfc062723c751e8b465ee728b)  -> (artifact id: 'beeefb8a7f1ca775b9848dd4be2b0c7c') in 0.021272 seconds
Number of updated asset objects reloaded before import = 0
Number of asset objects unloaded after import = 7
========================================================================
Received Import Request.
  Time since last request: 0.000022 seconds.
  path: Assets/Lidfar's Basic Platformer Sprites/Monsters/Monsters_4.prefab
  artifactKey: Guid(e5821287d880e824bbb2d791c61b92fb) Importer(815301076,1909f56bfc062723c751e8b465ee728b)
Start importing Assets/Lidfar's Basic Platformer Sprites/Monsters/Monsters_4.prefab using Guid(e5821287d880e824bbb2d791c61b92fb) Importer(815301076,1909f56bfc062723c751e8b465ee728b)  -> (artifact id: 'bd620daf1f26c718177f26a7668cf823') in 0.016581 seconds
Number of updated asset objects reloaded before import = 0
Number of asset objects unloaded after import = 7
========================================================================
Received Import Request.
  Time since last request: 0.000015 seconds.
  path: Assets/Lidfar's Basic Platformer Sprites/Monsters/Monsters_10.prefab
  artifactKey: Guid(ba0f83f9c9794a444a61cd8e1c51d2ee) Importer(815301076,1909f56bfc062723c751e8b465ee728b)
Start importing Assets/Lidfar's Basic Platformer Sprites/Monsters/Monsters_10.prefab using Guid(ba0f83f9c9794a444a61cd8e1c51d2ee) Importer(815301076,1909f56bfc062723c751e8b465ee728b)  -> (artifact id: '691717f36232fab16953b5c1b13a0fc1') in 0.014221 seconds
Number of updated asset objects reloaded before import = 0
Number of asset objects unloaded after import = 7
========================================================================
Received Import Request.
  Time since last request: 0.000018 seconds.
  path: Assets/Lidfar's Basic Platformer Sprites/Monsters/Monsters_5.prefab
  artifactKey: Guid(3a88179defef100409cc65f153478f54) Importer(815301076,1909f56bfc062723c751e8b465ee728b)
Start importing Assets/Lidfar's Basic Platformer Sprites/Monsters/Monsters_5.prefab using Guid(3a88179defef100409cc65f153478f54) Importer(815301076,1909f56bfc062723c751e8b465ee728b)  -> (artifact id: '97eea7729eee32e689d588716f2c0f1f') in 0.012955 seconds
Number of updated asset objects reloaded before import = 0
Number of asset objects unloaded after import = 7
========================================================================
Received Import Request.
  Time since last request: 5.335014 seconds.
  path: Assets/Lidfar's Basic Platformer Sprites/Items/Items_1.prefab
  artifactKey: Guid(259da1fdcf6f4f3488b2ed35bb0d7bd8) Importer(815301076,1909f56bfc062723c751e8b465ee728b)
Start importing Assets/Lidfar's Basic Platformer Sprites/Items/Items_1.prefab using Guid(259da1fdcf6f4f3488b2ed35bb0d7bd8) Importer(815301076,1909f56bfc062723c751e8b465ee728b)  -> (artifact id: 'd0b0be7ac554d9da8050ac726a06adff') in 0.016186 seconds
Number of updated asset objects reloaded before import = 0
Number of asset objects unloaded after import = 7
========================================================================
Received Import Request.
  Time since last request: 0.000022 seconds.
  path: Assets/Lidfar's Basic Platformer Sprites/Items/Items_3.prefab
  artifactKey: Guid(1e2a58c82e852654cb65c9552a833af1) Importer(815301076,1909f56bfc062723c751e8b465ee728b)
Start importing Assets/Lidfar's Basic Platformer Sprites/Items/Items_3.prefab using Guid(1e2a58c82e852654cb65c9552a833af1) Importer(815301076,1909f56bfc062723c751e8b465ee728b)  -> (artifact id: '2140244eda8d507210f47b74bd818eff') in 0.017597 seconds
Number of updated asset objects reloaded before import = 0
Number of asset objects unloaded after import = 7
========================================================================
Received Import Request.
  Time since last request: 0.000043 seconds.
  path: Assets/Lidfar's Basic Platformer Sprites/Items/Items_8.prefab
  artifactKey: Guid(55e9dbe0df792ea43978b0c44066177c) Importer(815301076,1909f56bfc062723c751e8b465ee728b)
Start importing Assets/Lidfar's Basic Platformer Sprites/Items/Items_8.prefab using Guid(55e9dbe0df792ea43978b0c44066177c) Importer(815301076,1909f56bfc062723c751e8b465ee728b)  -> (artifact id: 'd55e8d80406baf43bfb5dcde6d89dac8') in 0.016434 seconds
Number of updated asset objects reloaded before import = 0
Number of asset objects unloaded after import = 7
========================================================================
Received Import Request.
  Time since last request: 0.000025 seconds.
  path: Assets/Lidfar's Basic Platformer Sprites/Items/Items_13.prefab
  artifactKey: Guid(6aa3c8b6524be274eb4418a8641a9d20) Importer(815301076,1909f56bfc062723c751e8b465ee728b)
Start importing Assets/Lidfar's Basic Platformer Sprites/Items/Items_13.prefab using Guid(6aa3c8b6524be274eb4418a8641a9d20) Importer(815301076,1909f56bfc062723c751e8b465ee728b)  -> (artifact id: '63c3bb8c1ad41ccfb3dd3bc75f3a06c3') in 0.014191 seconds
Number of updated asset objects reloaded before import = 0
Number of asset objects unloaded after import = 7
========================================================================
Received Import Request.
  Time since last request: 0.000019 seconds.
  path: Assets/Lidfar's Basic Platformer Sprites/Items/Items_20.prefab
  artifactKey: Guid(0017488e1eeb43745a893e65ac58017d) Importer(815301076,1909f56bfc062723c751e8b465ee728b)
Start importing Assets/Lidfar's Basic Platformer Sprites/Items/Items_20.prefab using Guid(0017488e1eeb43745a893e65ac58017d) Importer(815301076,1909f56bfc062723c751e8b465ee728b)  -> (artifact id: '78bcb3e7d8847a1b7601598a9b3980bc') in 0.012873 seconds
Number of updated asset objects reloaded before import = 0
Number of asset objects unloaded after import = 7
========================================================================
Received Import Request.
  Time since last request: 0.000017 seconds.
  path: Assets/Lidfar's Basic Platformer Sprites/Items/Items_15.prefab
  artifactKey: Guid(b453f49cabb658540a5383b642f4698d) Importer(815301076,1909f56bfc062723c751e8b465ee728b)
Start importing Assets/Lidfar's Basic Platformer Sprites/Items/Items_15.prefab using Guid(b453f49cabb658540a5383b642f4698d) Importer(815301076,1909f56bfc062723c751e8b465ee728b)  -> (artifact id: 'db9cc8258298d449f01becb73f7cd166') in 0.014296 seconds
Number of updated asset objects reloaded before import = 0
Number of asset objects unloaded after import = 7
========================================================================
Received Import Request.
  Time since last request: 2.606541 seconds.
  path: Assets/Lidfar's Basic Platformer Sprites/Icons/Full Heart.prefab
  artifactKey: Guid(adff52cb95e0c2c49b0216912168d91b) Importer(815301076,1909f56bfc062723c751e8b465ee728b)
Start importing Assets/Lidfar's Basic Platformer Sprites/Icons/Full Heart.prefab using Guid(adff52cb95e0c2c49b0216912168d91b) Importer(815301076,1909f56bfc062723c751e8b465ee728b)  -> (artifact id: '171369d1ae6481190ff82eb72c4b80b0') in 0.022156 seconds
Number of updated asset objects reloaded before import = 0
Number of asset objects unloaded after import = 7
========================================================================
Received Import Request.
  Time since last request: 0.000034 seconds.
  path: Assets/Lidfar's Basic Platformer Sprites/Icons/Icons_14.prefab
  artifactKey: Guid(2517ab7c4b7e6b94d9cd7d4ffffc9e44) Importer(815301076,1909f56bfc062723c751e8b465ee728b)
Start importing Assets/Lidfar's Basic Platformer Sprites/Icons/Icons_14.prefab using Guid(2517ab7c4b7e6b94d9cd7d4ffffc9e44) Importer(815301076,1909f56bfc062723c751e8b465ee728b)  -> (artifact id: '936d16bf48566e454cfc2998f0c2c834') in 0.024217 seconds
Number of updated asset objects reloaded before import = 0
Number of asset objects unloaded after import = 7
========================================================================
Received Import Request.
  Time since last request: 0.000019 seconds.
  path: Assets/Lidfar's Basic Platformer Sprites/Icons/Icons_16.prefab
  artifactKey: Guid(3f77e18ce755a5640a90bd8928611934) Importer(815301076,1909f56bfc062723c751e8b465ee728b)
Start importing Assets/Lidfar's Basic Platformer Sprites/Icons/Icons_16.prefab using Guid(3f77e18ce755a5640a90bd8928611934) Importer(815301076,1909f56bfc062723c751e8b465ee728b)  -> (artifact id: '2bd8d81f59bcd3b7c7dc4b0d64ff7b95') in 0.013132 seconds
Number of updated asset objects reloaded before import = 0
Number of asset objects unloaded after import = 7
========================================================================
Received Import Request.
  Time since last request: 0.000023 seconds.
  path: Assets/Lidfar's Basic Platformer Sprites/Icons/Icons_1.prefab
  artifactKey: Guid(48b754faadd6ec34e9b94acfe06ce5c5) Importer(815301076,1909f56bfc062723c751e8b465ee728b)
Start importing Assets/Lidfar's Basic Platformer Sprites/Icons/Icons_1.prefab using Guid(48b754faadd6ec34e9b94acfe06ce5c5) Importer(815301076,1909f56bfc062723c751e8b465ee728b)  -> (artifact id: 'aa26e7b709817a073128218864fcbe5f') in 0.013657 seconds
Number of updated asset objects reloaded before import = 0
Number of asset objects unloaded after import = 7
========================================================================
Received Import Request.
  Time since last request: 0.000017 seconds.
  path: Assets/Lidfar's Basic Platformer Sprites/Icons/Icons_13.prefab
  artifactKey: Guid(0b536d0854c29824ab899949b33839e2) Importer(815301076,1909f56bfc062723c751e8b465ee728b)
Start importing Assets/Lidfar's Basic Platformer Sprites/Icons/Icons_13.prefab using Guid(0b536d0854c29824ab899949b33839e2) Importer(815301076,1909f56bfc062723c751e8b465ee728b)  -> (artifact id: '1c28a709c5f30b59d130f846b653340f') in 0.010849 seconds
Number of updated asset objects reloaded before import = 0
Number of asset objects unloaded after import = 7
Editor requested this worker to shutdown with reason: Scaling down because of idle timeout
AssetImportWorker is now disconnected from the server
Process exiting
Exiting without the bug reporter. Application will terminate with return code 0