Using pre-set license
Built from '2023.1/staging' branch; Version is '2023.1.13f1 (ffeab063bb93) revision 16771760'; Using compiler version '192829333'; Build Type 'Release'
OS: 'Windows 10  (10.0.19045) 64bit Enterprise' Language: 'en' Physical Memory: 16278 MB
BatchMode: 1, IsHumanControllingUs: 0, StartBugReporterOnCrash: 0, Is64bit: 1, IsPro: 1

COMMAND LINE ARGUMENTS:
C:\Program Files\Unity 2023.1.13f1\Editor\Unity.exe
-adb2
-batchMode
-noUpm
-name
AssetImportWorker1
-projectPath
E:/Projects/MangoMayhem
-logFile
Logs/AssetImportWorker1.log
-srvPort
52740
Successfully changed project path to: E:/Projects/MangoMayhem
E:/Projects/MangoMayhem
[UnityMemory] Configuration Parameters - Can be set up in boot.config
    "memorysetup-bucket-allocator-granularity=16"
    "memorysetup-bucket-allocator-bucket-count=8"
    "memorysetup-bucket-allocator-block-size=33554432"
    "memorysetup-bucket-allocator-block-count=8"
    "memorysetup-main-allocator-block-size=16777216"
    "memorysetup-thread-allocator-block-size=16777216"
    "memorysetup-gfx-main-allocator-block-size=16777216"
    "memorysetup-gfx-thread-allocator-block-size=16777216"
    "memorysetup-cache-allocator-block-size=4194304"
    "memorysetup-typetree-allocator-block-size=2097152"
    "memorysetup-profiler-bucket-allocator-granularity=16"
    "memorysetup-profiler-bucket-allocator-bucket-count=8"
    "memorysetup-profiler-bucket-allocator-block-size=33554432"
    "memorysetup-profiler-bucket-allocator-block-count=8"
    "memorysetup-profiler-allocator-block-size=16777216"
    "memorysetup-profiler-editor-allocator-block-size=1048576"
    "memorysetup-temp-allocator-size-main=16777216"
    "memorysetup-job-temp-allocator-block-size=2097152"
    "memorysetup-job-temp-allocator-block-size-background=1048576"
    "memorysetup-job-temp-allocator-reduction-small-platforms=262144"
    "memorysetup-allocator-temp-initial-block-size-main=262144"
    "memorysetup-allocator-temp-initial-block-size-worker=262144"
    "memorysetup-temp-allocator-size-background-worker=32768"
    "memorysetup-temp-allocator-size-job-worker=262144"
    "memorysetup-temp-allocator-size-preload-manager=33554432"
    "memorysetup-temp-allocator-size-nav-mesh-worker=65536"
    "memorysetup-temp-allocator-size-audio-worker=65536"
    "memorysetup-temp-allocator-size-cloud-worker=32768"
    "memorysetup-temp-allocator-size-gi-baking-worker=262144"
    "memorysetup-temp-allocator-size-gfx=262144"
Player connection [9700] Host "[IP] 10.54.31.87 [Port] 0 [Flags] 2 [Guid] 770954752 [EditorId] 770954752 [Version] 1048832 [Id] WindowsEditor(7,MRI-05MGD6) [Debug] 1 [PackageName] WindowsEditor [ProjectName] Editor" joined multi-casting on [225.0.0.222:54997]...

Player connection [9700] Host "[IP] 10.54.31.87 [Port] 0 [Flags] 2 [Guid] 770954752 [EditorId] 770954752 [Version] 1048832 [Id] WindowsEditor(7,MRI-05MGD6) [Debug] 1 [PackageName] WindowsEditor [ProjectName] Editor" joined alternative multi-casting on [225.0.0.222:34997]...

[Physics::Module] Initialized MultithreadedJobDispatcher with 11 workers.
Library Redirect Path: Library/Refreshing native plugins compatible for Editor in 11.35 ms, found 4 plugins.
Preloading 0 native plugins for Editor in 0.00 ms.
Initialize engine version: 2023.1.13f1 (ffeab063bb93)
[Subsystems] Discovering subsystems at path C:/Program Files/Unity 2023.1.13f1/Editor/Data/Resources/UnitySubsystems
[Subsystems] Discovering subsystems at path E:/Projects/MangoMayhem/Assets
GfxDevice: creating device client; threaded=0; jobified=0
Direct3D:
    Version:  Direct3D 11.0 [level 11.1]
    Renderer: NVIDIA Quadro M5000 (ID=0x13f0)
    Vendor:   NVIDIA
    VRAM:     8139 MB
    Driver:   31.0.15.3734
Initialize mono
Mono path[0] = 'C:/Program Files/Unity 2023.1.13f1/Editor/Data/Managed'
Mono path[1] = 'C:/Program Files/Unity 2023.1.13f1/Editor/Data/MonoBleedingEdge/lib/mono/unityjit-win32'
Mono config path = 'C:/Program Files/Unity 2023.1.13f1/Editor/Data/MonoBleedingEdge/etc'
Using monoOptions --debugger-agent=transport=dt_socket,embedding=1,server=y,suspend=n,address=127.0.0.1:56388
Begin MonoManager ReloadAssembly
C:\build\output\Unity-Technologies\mono\mono\metadata\icall.c:1842:
C:\build\output\Unity-Technologies\mono\mono\metadata\icall.c:1842:
C:\build\output\Unity-Technologies\mono\mono\metadata\icall.c:1842:
C:\build\output\Unity-Technologies\mono\mono\metadata\icall.c:1842:
C:\build\output\Unity-Technologies\mono\mono\metadata\icall.c:1842:
C:\build\output\Unity-Technologies\mono\mono\metadata\icall.c:1842:
C:\build\output\Unity-Technologies\mono\mono\metadata\icall.c:1842:
C:\build\output\Unity-Technologies\mono\mono\metadata\icall.c:1842:
C:\build\output\Unity-Technologies\mono\mono\metadata\icall.c:1842:
C:\build\output\Unity-Technologies\mono\mono\metadata\icall.c:1842:
Registering precompiled unity dll's ...
Register platform support module: C:/Program Files/Unity 2023.1.13f1/Editor/Data/PlaybackEngines/WindowsStandaloneSupport/UnityEditor.WindowsStandalone.Extensions.dll
Register platform support module: C:/Program Files/Unity 2023.1.13f1/Editor/Data/PlaybackEngines/iOSSupport/UnityEditor.iOS.Extensions.dll
Registered in 0.004340 seconds.
- Loaded All Assemblies, in  0.460 seconds
[usbmuxd] Start listen thread
[usbmuxd] Listen thread started
Native extension for iOS target not found
Native extension for WindowsStandalone target not found
Mono: successfully reloaded assembly
C:\build\output\Unity-Technologies\mono\mono\metadata\icall.c:1842:
C:\build\output\Unity-Technologies\mono\mono\metadata\icall.c:1842:
- Finished resetting the current domain, in  0.419 seconds
Domain Reload Profiling: 877ms
	BeginReloadAssembly (141ms)
		ExecutionOrderSort (0ms)
		DisableScriptedObjects (0ms)
		BackupInstance (0ms)
		ReleaseScriptingObjects (0ms)
		CreateAndSetChildDomain (1ms)
	RebuildCommonClasses (42ms)
	RebuildNativeTypeToScriptingClass (15ms)
	initialDomainReloadingComplete (57ms)
	LoadAllAssembliesAndSetupDomain (203ms)
		LoadAssemblies (138ms)
		RebuildTransferFunctionScriptingTraits (0ms)
		AnalyzeDomain (197ms)
			TypeCache.Refresh (196ms)
				TypeCache.ScanAssembly (182ms)
			ScanForSourceGeneratedMonoScriptInfo (0ms)
			ResolveRequiredComponents (1ms)
	FinalizeReload (420ms)
		ReleaseScriptCaches (0ms)
		RebuildScriptCaches (0ms)
		SetupLoadedEditorAssemblies (363ms)
			LogAssemblyErrors (0ms)
			InitializePlatformSupportModulesInManaged (115ms)
			SetLoadedEditorAssemblies (5ms)
			BeforeProcessingInitializeOnLoad (9ms)
			ProcessInitializeOnLoadAttributes (162ms)
			ProcessInitializeOnLoadMethodAttributes (72ms)
			AfterProcessingInitializeOnLoad (0ms)
			EditorAssembliesLoaded (0ms)
		ExecutionOrderSort2 (0ms)
		AwakeInstancesAfterBackupRestoration (0ms)
========================================================================
Worker process is ready to serve import requests
Import Worker Mode flag is 0x00
Begin MonoManager ReloadAssembly
C:\build\output\Unity-Technologies\mono\mono\metadata\icall.c:1842:
C:\build\output\Unity-Technologies\mono\mono\metadata\icall.c:1842:
C:\build\output\Unity-Technologies\mono\mono\metadata\icall.c:1842:
C:\build\output\Unity-Technologies\mono\mono\metadata\icall.c:1842:
C:\build\output\Unity-Technologies\mono\mono\metadata\icall.c:1842:
C:\build\output\Unity-Technologies\mono\mono\metadata\icall.c:1842:
C:\build\output\Unity-Technologies\mono\mono\metadata\icall.c:1842:
C:\build\output\Unity-Technologies\mono\mono\metadata\icall.c:1842:
C:\build\output\Unity-Technologies\mono\mono\metadata\icall.c:1842:
C:\build\output\Unity-Technologies\mono\mono\metadata\icall.c:1842:
C:\build\output\Unity-Technologies\mono\mono\metadata\icall.c:1842:
C:\build\output\Unity-Technologies\mono\mono\metadata\icall.c:1842:
Symbol file LoadedFromMemory doesn't match image E:\Projects\MangoMayhem\Library\PackageCache\com.unity.visualscripting@1.8.0\Editor\VisualScripting.Core\Dependencies\YamlDotNet\Unity.VisualScripting.YamlDotNet.dll
Symbol file LoadedFromMemory doesn't match image E:\Projects\MangoMayhem\Library\PackageCache\com.unity.visualscripting@1.8.0\Editor\VisualScripting.Core\Dependencies\DotNetZip\Unity.VisualScripting.IonicZip.dll
- Loaded All Assemblies, in  1.054 seconds
Refreshing native plugins compatible for Editor in 4.65 ms, found 4 plugins.
Native extension for iOS target not found
Native extension for WindowsStandalone target not found
Mono: successfully reloaded assembly
Package Manager log level set to [2]
[Package Manager] Failed to launch server process. Reason: Unity was launched with the -noUpm command-line argument
[Package Manager] Unable to send message (not connected to server process).
[Package Manager] Cannot connect to Unity Package Manager local server
[Package Manager] Failed to launch server process. Reason: Unity was launched with the -noUpm command-line argument
[Package Manager] Unable to send message (not connected to server process).
[Package Manager] Cannot connect to Unity Package Manager local server
- Finished resetting the current domain, in  0.783 seconds
Domain Reload Profiling: 1835ms
	BeginReloadAssembly (345ms)
		ExecutionOrderSort (0ms)
		DisableScriptedObjects (7ms)
		BackupInstance (0ms)
		ReleaseScriptingObjects (0ms)
		CreateAndSetChildDomain (42ms)
	RebuildCommonClasses (42ms)
	RebuildNativeTypeToScriptingClass (15ms)
	initialDomainReloadingComplete (45ms)
	LoadAllAssembliesAndSetupDomain (604ms)
		LoadAssemblies (349ms)
		RebuildTransferFunctionScriptingTraits (0ms)
		AnalyzeDomain (357ms)
			TypeCache.Refresh (324ms)
				TypeCache.ScanAssembly (309ms)
			ScanForSourceGeneratedMonoScriptInfo (28ms)
			ResolveRequiredComponents (5ms)
	FinalizeReload (784ms)
		ReleaseScriptCaches (0ms)
		RebuildScriptCaches (0ms)
		SetupLoadedEditorAssemblies (544ms)
			LogAssemblyErrors (0ms)
			InitializePlatformSupportModulesInManaged (22ms)
			SetLoadedEditorAssemblies (7ms)
			BeforeProcessingInitializeOnLoad (110ms)
			ProcessInitializeOnLoadAttributes (358ms)
			ProcessInitializeOnLoadMethodAttributes (42ms)
			AfterProcessingInitializeOnLoad (5ms)
			EditorAssembliesLoaded (0ms)
		ExecutionOrderSort2 (0ms)
		AwakeInstancesAfterBackupRestoration (11ms)
Launched and connected shader compiler UnityShaderCompiler.exe after 0.01 seconds
Refreshing native plugins compatible for Editor in 4.96 ms, found 4 plugins.
Preloading 0 native plugins for Editor in 0.00 ms.
Unloading 4378 Unused Serialized files (Serialized files now loaded: 0)
Unloading 79 unused Assets / (64.8 KB). Loaded Objects now: 4901.
Memory consumption went from 155.5 MB to 155.5 MB.
Total: 4.830300 ms (FindLiveObjects: 0.354400 ms CreateObjectMapping: 0.233400 ms MarkObjects: 4.060300 ms  DeleteObjects: 0.180900 ms)

AssetImportParameters requested are different than current active one (requested -> active):
  custom:video-decoder-webm-vp8: 9c59270c3fd7afecdb556c50c9e8de78 -> 
  custom:SearchIndexIgnoredProperties: e643bd26f0fe6173181afceb89e7c659 -> 
  custom:audio-encoder-webm-vorbis: bf7c407c2cedff20999df2af8eb42d56 -> 
  custom:AudioImporter_EditorPlatform: d09bf68614088b80899f8185d706f6e7 -> 
  custom:audio-decoder-ogg-vorbis: bf7c407c2cedff20999df2af8eb42d56 -> 
  custom:video-encoder-webm-vp8: eb34c28f22e8b96e1ab97ce403110664 -> 
  custom:container-demuxer-ogg: 62fdf1f143b41e24485cea50d1cbac27 -> 
  custom:framework-win-MediaFoundation: 216162199b28c13a410421893ffa2e32 -> 
  custom:video-decoder-ogg-theora: a1e56fd34408186e4bbccfd4996cb3dc -> 
  custom:container-muxer-webm: aa71ff27fc2769a1b78a27578f13a17b -> 
  custom:CustomObjectIndexerAttribute: 756ad292c208cfabdd7b50bc23989ffe -> 
  custom:container-demuxer-webm: 4f35f7cbe854078d1ac9338744f61a02 -> 
========================================================================
Received Import Request.
  Time since last request: 11036.925097 seconds.
  path: Assets/Lidfar's Basic Platformer Sprites
  artifactKey: Guid(10dbb6ec4fa716746b85de6329a87e40) Importer(815301076,1909f56bfc062723c751e8b465ee728b)
Start importing Assets/Lidfar's Basic Platformer Sprites using Guid(10dbb6ec4fa716746b85de6329a87e40) Importer(815301076,1909f56bfc062723c751e8b465ee728b)  -> (artifact id: 'f31a610855563213d3d824c8a00b41f5') in 0.002466 seconds
Number of updated asset objects reloaded before import = 0
Number of asset objects unloaded after import = 0
========================================================================
Received Import Request.
  Time since last request: 14.698079 seconds.
  path: Assets/Lidfar's Basic Platformer Sprites/Scenery/Nature_1.prefab
  artifactKey: Guid(bc98ec6dd7fbfb7439f594f6badfb797) Importer(815301076,1909f56bfc062723c751e8b465ee728b)
Start importing Assets/Lidfar's Basic Platformer Sprites/Scenery/Nature_1.prefab using Guid(bc98ec6dd7fbfb7439f594f6badfb797) Importer(815301076,1909f56bfc062723c751e8b465ee728b)  -> (artifact id: 'da0ba49f4acd647232077543c693fe2a') in 0.147234 seconds
Number of updated asset objects reloaded before import = 0
Number of asset objects unloaded after import = 7
========================================================================
Received Import Request.
  Time since last request: 0.000019 seconds.
  path: Assets/Lidfar's Basic Platformer Sprites/Scenery/Nature_5.prefab
  artifactKey: Guid(ef29d43bfe83d3c458b46a3d9e41d2dc) Importer(815301076,1909f56bfc062723c751e8b465ee728b)
Start importing Assets/Lidfar's Basic Platformer Sprites/Scenery/Nature_5.prefab using Guid(ef29d43bfe83d3c458b46a3d9e41d2dc) Importer(815301076,1909f56bfc062723c751e8b465ee728b)  -> (artifact id: '4441e12f84a13e96e4df6dd5e674dc7a') in 0.013271 seconds
Number of updated asset objects reloaded before import = 0
Number of asset objects unloaded after import = 7
========================================================================
Received Import Request.
  Time since last request: 0.000032 seconds.
  path: Assets/Lidfar's Basic Platformer Sprites/Scenery/Nature_20.prefab
  artifactKey: Guid(25752e182c98e3448a5d2eb37244bc9d) Importer(815301076,1909f56bfc062723c751e8b465ee728b)
Start importing Assets/Lidfar's Basic Platformer Sprites/Scenery/Nature_20.prefab using Guid(25752e182c98e3448a5d2eb37244bc9d) Importer(815301076,1909f56bfc062723c751e8b465ee728b)  -> (artifact id: 'e2bdaa5047f5fde346f01743a4bb66b1') in 0.013319 seconds
Number of updated asset objects reloaded before import = 0
Number of asset objects unloaded after import = 7
========================================================================
Received Import Request.
  Time since last request: 0.000018 seconds.
  path: Assets/Lidfar's Basic Platformer Sprites/Scenery/Nature_22.prefab
  artifactKey: Guid(6cb30e14ba1e7304c8286a1de59586ef) Importer(815301076,1909f56bfc062723c751e8b465ee728b)
Start importing Assets/Lidfar's Basic Platformer Sprites/Scenery/Nature_22.prefab using Guid(6cb30e14ba1e7304c8286a1de59586ef) Importer(815301076,1909f56bfc062723c751e8b465ee728b)  -> (artifact id: '07904f0706f3d0378c9c4b3b2f310027') in 0.013273 seconds
Number of updated asset objects reloaded before import = 0
Number of asset objects unloaded after import = 7
========================================================================
Received Import Request.
  Time since last request: 0.000017 seconds.
  path: Assets/Lidfar's Basic Platformer Sprites/Scenery/Nature_10.prefab
  artifactKey: Guid(5fecc04defa22474ebd15ea4482ff269) Importer(815301076,1909f56bfc062723c751e8b465ee728b)
Start importing Assets/Lidfar's Basic Platformer Sprites/Scenery/Nature_10.prefab using Guid(5fecc04defa22474ebd15ea4482ff269) Importer(815301076,1909f56bfc062723c751e8b465ee728b)  -> (artifact id: '80474ba8e93bfe519fff04ab5f0a5b90') in 0.012959 seconds
Number of updated asset objects reloaded before import = 0
Number of asset objects unloaded after import = 7
========================================================================
Received Import Request.
  Time since last request: 0.000019 seconds.
  path: Assets/Lidfar's Basic Platformer Sprites/Scenery/Nature_15.prefab
  artifactKey: Guid(52e97896b2d85ef4aa762efe7ecc8158) Importer(815301076,1909f56bfc062723c751e8b465ee728b)
Start importing Assets/Lidfar's Basic Platformer Sprites/Scenery/Nature_15.prefab using Guid(52e97896b2d85ef4aa762efe7ecc8158) Importer(815301076,1909f56bfc062723c751e8b465ee728b)  -> (artifact id: '35040289cefd206e92658cb1f55ddab2') in 0.013358 seconds
Number of updated asset objects reloaded before import = 0
Number of asset objects unloaded after import = 7
========================================================================
Received Import Request.
  Time since last request: 0.000017 seconds.
  path: Assets/Lidfar's Basic Platformer Sprites/Scenery/Nature_12.prefab
  artifactKey: Guid(9835a9c2beced3e43b11596635d1b6c5) Importer(815301076,1909f56bfc062723c751e8b465ee728b)
Start importing Assets/Lidfar's Basic Platformer Sprites/Scenery/Nature_12.prefab using Guid(9835a9c2beced3e43b11596635d1b6c5) Importer(815301076,1909f56bfc062723c751e8b465ee728b)  -> (artifact id: '3fa44153c4b49241e9f8f2c8e6ebe792') in 0.013714 seconds
Number of updated asset objects reloaded before import = 0
Number of asset objects unloaded after import = 7
========================================================================
Received Import Request.
  Time since last request: 0.000018 seconds.
  path: Assets/Lidfar's Basic Platformer Sprites/Scenery/Wood_3.prefab
  artifactKey: Guid(d865d0cd03f92e1439f71e021b941cf0) Importer(815301076,1909f56bfc062723c751e8b465ee728b)
Start importing Assets/Lidfar's Basic Platformer Sprites/Scenery/Wood_3.prefab using Guid(d865d0cd03f92e1439f71e021b941cf0) Importer(815301076,1909f56bfc062723c751e8b465ee728b)  -> (artifact id: '5c2922d51f68d0cdb80dc33c6b4649aa') in 0.013276 seconds
Number of updated asset objects reloaded before import = 0
Number of asset objects unloaded after import = 7
========================================================================
Received Import Request.
  Time since last request: 0.000017 seconds.
  path: Assets/Lidfar's Basic Platformer Sprites/Scenery/Nature_2.prefab
  artifactKey: Guid(ef4643a4db9a2744195fbc077b0fa5fe) Importer(815301076,1909f56bfc062723c751e8b465ee728b)
Start importing Assets/Lidfar's Basic Platformer Sprites/Scenery/Nature_2.prefab using Guid(ef4643a4db9a2744195fbc077b0fa5fe) Importer(815301076,1909f56bfc062723c751e8b465ee728b)  -> (artifact id: '624c60a1f84c9f1cbbe1bb1a3397f932') in 0.012834 seconds
Number of updated asset objects reloaded before import = 0
Number of asset objects unloaded after import = 7
========================================================================
Received Import Request.
  Time since last request: 0.000017 seconds.
  path: Assets/Lidfar's Basic Platformer Sprites/Scenery/Nature_7.prefab
  artifactKey: Guid(5d39043f2fc96e84c9fcf000d628f90d) Importer(815301076,1909f56bfc062723c751e8b465ee728b)
Start importing Assets/Lidfar's Basic Platformer Sprites/Scenery/Nature_7.prefab using Guid(5d39043f2fc96e84c9fcf000d628f90d) Importer(815301076,1909f56bfc062723c751e8b465ee728b)  -> (artifact id: '51a653520805edee61047bce623283c6') in 0.013230 seconds
Number of updated asset objects reloaded before import = 0
Number of asset objects unloaded after import = 7
========================================================================
Received Import Request.
  Time since last request: 0.000016 seconds.
  path: Assets/Lidfar's Basic Platformer Sprites/Scenery/Nature_21.prefab
  artifactKey: Guid(a6c9704f598532d47b4fc5f34cbb6641) Importer(815301076,1909f56bfc062723c751e8b465ee728b)
Start importing Assets/Lidfar's Basic Platformer Sprites/Scenery/Nature_21.prefab using Guid(a6c9704f598532d47b4fc5f34cbb6641) Importer(815301076,1909f56bfc062723c751e8b465ee728b)  -> (artifact id: 'aa1abada86de8e46787da528b0441786') in 0.013721 seconds
Number of updated asset objects reloaded before import = 0
Number of asset objects unloaded after import = 7
========================================================================
Received Import Request.
  Time since last request: 0.000020 seconds.
  path: Assets/Lidfar's Basic Platformer Sprites/Scenery/Nature_19.prefab
  artifactKey: Guid(baf9cfef0bfd024418bbbdc4cc282c36) Importer(815301076,1909f56bfc062723c751e8b465ee728b)
Start importing Assets/Lidfar's Basic Platformer Sprites/Scenery/Nature_19.prefab using Guid(baf9cfef0bfd024418bbbdc4cc282c36) Importer(815301076,1909f56bfc062723c751e8b465ee728b)  -> (artifact id: 'ae4100f3b0655918eea9858f7501ee01') in 0.013458 seconds
Number of updated asset objects reloaded before import = 0
Number of asset objects unloaded after import = 7
========================================================================
Received Import Request.
  Time since last request: 0.000015 seconds.
  path: Assets/Lidfar's Basic Platformer Sprites/Scenery/Nature_4.prefab
  artifactKey: Guid(95f7c8a776691fd46b7276d89b445998) Importer(815301076,1909f56bfc062723c751e8b465ee728b)
Start importing Assets/Lidfar's Basic Platformer Sprites/Scenery/Nature_4.prefab using Guid(95f7c8a776691fd46b7276d89b445998) Importer(815301076,1909f56bfc062723c751e8b465ee728b)  -> (artifact id: 'b9ab1954c04c3aa954f210062221074c') in 0.012487 seconds
Number of updated asset objects reloaded before import = 0
Number of asset objects unloaded after import = 7
========================================================================
Received Import Request.
  Time since last request: 0.000018 seconds.
  path: Assets/Lidfar's Basic Platformer Sprites/Scenery/Nature_6.prefab
  artifactKey: Guid(e0eb1f9c2fc2fea4c8d01e7f472d90a9) Importer(815301076,1909f56bfc062723c751e8b465ee728b)
Start importing Assets/Lidfar's Basic Platformer Sprites/Scenery/Nature_6.prefab using Guid(e0eb1f9c2fc2fea4c8d01e7f472d90a9) Importer(815301076,1909f56bfc062723c751e8b465ee728b)  -> (artifact id: '0f071e8383a79f7b4862768bc2d526e2') in 0.013333 seconds
Number of updated asset objects reloaded before import = 0
Number of asset objects unloaded after import = 7
========================================================================
Received Import Request.
  Time since last request: 2.916560 seconds.
  path: Assets/Lidfar's Basic Platformer Sprites/Props/Props_1.prefab
  artifactKey: Guid(eb1fc92610eb1e64ea5ecc9a8749179c) Importer(815301076,1909f56bfc062723c751e8b465ee728b)
Start importing Assets/Lidfar's Basic Platformer Sprites/Props/Props_1.prefab using Guid(eb1fc92610eb1e64ea5ecc9a8749179c) Importer(815301076,1909f56bfc062723c751e8b465ee728b)  -> (artifact id: 'f2b62ed863364191cd5a905ee59fdd1e') in 0.022743 seconds
Number of updated asset objects reloaded before import = 0
Number of asset objects unloaded after import = 7
========================================================================
Received Import Request.
  Time since last request: 0.000022 seconds.
  path: Assets/Lidfar's Basic Platformer Sprites/Props/Props_5.prefab
  artifactKey: Guid(3fec7f95107c48e4cac1596ea93d1e90) Importer(815301076,1909f56bfc062723c751e8b465ee728b)
Start importing Assets/Lidfar's Basic Platformer Sprites/Props/Props_5.prefab using Guid(3fec7f95107c48e4cac1596ea93d1e90) Importer(815301076,1909f56bfc062723c751e8b465ee728b)  -> (artifact id: '303a36951927c67ec3f54766854009b6') in 0.020708 seconds
Number of updated asset objects reloaded before import = 0
Number of asset objects unloaded after import = 7
========================================================================
Received Import Request.
  Time since last request: 0.000019 seconds.
  path: Assets/Lidfar's Basic Platformer Sprites/Props/Props_20.prefab
  artifactKey: Guid(fbee813e2e0655347aed08243855aab8) Importer(815301076,1909f56bfc062723c751e8b465ee728b)
Start importing Assets/Lidfar's Basic Platformer Sprites/Props/Props_20.prefab using Guid(fbee813e2e0655347aed08243855aab8) Importer(815301076,1909f56bfc062723c751e8b465ee728b)  -> (artifact id: 'c600d051b460c18dacd514e790ee4563') in 0.013441 seconds
Number of updated asset objects reloaded before import = 0
Number of asset objects unloaded after import = 7
========================================================================
Received Import Request.
  Time since last request: 0.000020 seconds.
  path: Assets/Lidfar's Basic Platformer Sprites/Props/Props_3.prefab
  artifactKey: Guid(e5729b565b4b3fe46a1859dbcba401e1) Importer(815301076,1909f56bfc062723c751e8b465ee728b)
Start importing Assets/Lidfar's Basic Platformer Sprites/Props/Props_3.prefab using Guid(e5729b565b4b3fe46a1859dbcba401e1) Importer(815301076,1909f56bfc062723c751e8b465ee728b)  -> (artifact id: '8fe38671e7a88269515fc1131f03e5db') in 0.016843 seconds
Number of updated asset objects reloaded before import = 0
Number of asset objects unloaded after import = 7
========================================================================
Received Import Request.
  Time since last request: 0.000023 seconds.
  path: Assets/Lidfar's Basic Platformer Sprites/Props/Props_6.prefab
  artifactKey: Guid(8a03918a9e37ddb479c4d28e63ced776) Importer(815301076,1909f56bfc062723c751e8b465ee728b)
Start importing Assets/Lidfar's Basic Platformer Sprites/Props/Props_6.prefab using Guid(8a03918a9e37ddb479c4d28e63ced776) Importer(815301076,1909f56bfc062723c751e8b465ee728b)  -> (artifact id: '63cf9396d36ba76d5b2f010108692b07') in 0.012800 seconds
Number of updated asset objects reloaded before import = 0
Number of asset objects unloaded after import = 7
========================================================================
Received Import Request.
  Time since last request: 0.000017 seconds.
  path: Assets/Lidfar's Basic Platformer Sprites/Props/Props_14.prefab
  artifactKey: Guid(a07eb348b0bb62145b8af7a8c96a7753) Importer(815301076,1909f56bfc062723c751e8b465ee728b)
Start importing Assets/Lidfar's Basic Platformer Sprites/Props/Props_14.prefab using Guid(a07eb348b0bb62145b8af7a8c96a7753) Importer(815301076,1909f56bfc062723c751e8b465ee728b)  -> (artifact id: '10d30827ccc919377eaa54b9e7c147cf') in 0.012263 seconds
Number of updated asset objects reloaded before import = 0
Number of asset objects unloaded after import = 7
========================================================================
Received Import Request.
  Time since last request: 0.000018 seconds.
  path: Assets/Lidfar's Basic Platformer Sprites/Props/Props_11.prefab
  artifactKey: Guid(d4ad1c331320c864b8f9eff3d08bb907) Importer(815301076,1909f56bfc062723c751e8b465ee728b)
Start importing Assets/Lidfar's Basic Platformer Sprites/Props/Props_11.prefab using Guid(d4ad1c331320c864b8f9eff3d08bb907) Importer(815301076,1909f56bfc062723c751e8b465ee728b)  -> (artifact id: 'a303354633a3dcd7f354b50d5a2ca6c2') in 0.012067 seconds
Number of updated asset objects reloaded before import = 0
Number of asset objects unloaded after import = 7
========================================================================
Received Import Request.
  Time since last request: 0.000017 seconds.
  path: Assets/Lidfar's Basic Platformer Sprites/Props/Props_17.prefab
  artifactKey: Guid(e280172040efef2418f45039be12981a) Importer(815301076,1909f56bfc062723c751e8b465ee728b)
Start importing Assets/Lidfar's Basic Platformer Sprites/Props/Props_17.prefab using Guid(e280172040efef2418f45039be12981a) Importer(815301076,1909f56bfc062723c751e8b465ee728b)  -> (artifact id: 'ad1efe2d4924a5446c772adcc50eb40e') in 0.014266 seconds
Number of updated asset objects reloaded before import = 0
Number of asset objects unloaded after import = 7
========================================================================
Received Import Request.
  Time since last request: 0.000017 seconds.
  path: Assets/Lidfar's Basic Platformer Sprites/Props/Props_2.prefab
  artifactKey: Guid(4ac307f37df15124bb4095d1910155f4) Importer(815301076,1909f56bfc062723c751e8b465ee728b)
Start importing Assets/Lidfar's Basic Platformer Sprites/Props/Props_2.prefab using Guid(4ac307f37df15124bb4095d1910155f4) Importer(815301076,1909f56bfc062723c751e8b465ee728b)  -> (artifact id: 'a8d985157070fc7f6b8abf2a46335519') in 0.013145 seconds
Number of updated asset objects reloaded before import = 0
Number of asset objects unloaded after import = 7
========================================================================
Received Import Request.
  Time since last request: 0.000048 seconds.
  path: Assets/Lidfar's Basic Platformer Sprites/Props/Props_16.prefab
  artifactKey: Guid(d7265accff775ca47b26acbeb525354d) Importer(815301076,1909f56bfc062723c751e8b465ee728b)
Start importing Assets/Lidfar's Basic Platformer Sprites/Props/Props_16.prefab using Guid(d7265accff775ca47b26acbeb525354d) Importer(815301076,1909f56bfc062723c751e8b465ee728b)  -> (artifact id: '82599a4d570969eb95d7829af22bddc9') in 0.012416 seconds
Number of updated asset objects reloaded before import = 0
Number of asset objects unloaded after import = 7
========================================================================
Received Import Request.
  Time since last request: 2.282115 seconds.
  path: Assets/Lidfar's Basic Platformer Sprites/People/People_2.prefab
  artifactKey: Guid(13a19871bd90a434f9ae495076ae18b5) Importer(815301076,1909f56bfc062723c751e8b465ee728b)
Start importing Assets/Lidfar's Basic Platformer Sprites/People/People_2.prefab using Guid(13a19871bd90a434f9ae495076ae18b5) Importer(815301076,1909f56bfc062723c751e8b465ee728b)  -> (artifact id: '34e3c00dc10664f24d473f28ce710d6f') in 0.014090 seconds
Number of updated asset objects reloaded before import = 0
Number of asset objects unloaded after import = 7
========================================================================
Received Import Request.
  Time since last request: 0.000018 seconds.
  path: Assets/Lidfar's Basic Platformer Sprites/People/People_6.prefab
  artifactKey: Guid(83b02902fabe2934b83853375cdb2769) Importer(815301076,1909f56bfc062723c751e8b465ee728b)
Start importing Assets/Lidfar's Basic Platformer Sprites/People/People_6.prefab using Guid(83b02902fabe2934b83853375cdb2769) Importer(815301076,1909f56bfc062723c751e8b465ee728b)  -> (artifact id: '974ddb0f2adf44f6a2573f2344583266') in 0.018249 seconds
Number of updated asset objects reloaded before import = 0
Number of asset objects unloaded after import = 7
========================================================================
Received Import Request.
  Time since last request: 0.000021 seconds.
  path: Assets/Lidfar's Basic Platformer Sprites/People/People_8.prefab
  artifactKey: Guid(c24a0b1372ee88f43b48e51f868e017d) Importer(815301076,1909f56bfc062723c751e8b465ee728b)
Start importing Assets/Lidfar's Basic Platformer Sprites/People/People_8.prefab using Guid(c24a0b1372ee88f43b48e51f868e017d) Importer(815301076,1909f56bfc062723c751e8b465ee728b)  -> (artifact id: 'fb5e74535aa6be8971c64f907ea90032') in 0.013034 seconds
Number of updated asset objects reloaded before import = 0
Number of asset objects unloaded after import = 7
========================================================================
Received Import Request.
  Time since last request: 0.000036 seconds.
  path: Assets/Lidfar's Basic Platformer Sprites/People/People_7.prefab
  artifactKey: Guid(9593ced0f069ee74997b24a92c78a4dc) Importer(815301076,1909f56bfc062723c751e8b465ee728b)
Start importing Assets/Lidfar's Basic Platformer Sprites/People/People_7.prefab using Guid(9593ced0f069ee74997b24a92c78a4dc) Importer(815301076,1909f56bfc062723c751e8b465ee728b)  -> (artifact id: 'f93fe34013b1c3169eb33ea08740a7ea') in 0.013997 seconds
Number of updated asset objects reloaded before import = 0
Number of asset objects unloaded after import = 7
========================================================================
Received Import Request.
  Time since last request: 0.000018 seconds.
  path: Assets/Lidfar's Basic Platformer Sprites/People/People_3.prefab
  artifactKey: Guid(2959f42aff640224b966d47c6a351077) Importer(815301076,1909f56bfc062723c751e8b465ee728b)
Start importing Assets/Lidfar's Basic Platformer Sprites/People/People_3.prefab using Guid(2959f42aff640224b966d47c6a351077) Importer(815301076,1909f56bfc062723c751e8b465ee728b)  -> (artifact id: 'c70445edb30a0ac19bcdeac094215fa2') in 0.016029 seconds
Number of updated asset objects reloaded before import = 0
Number of asset objects unloaded after import = 7
========================================================================
Received Import Request.
  Time since last request: 0.000017 seconds.
  path: Assets/Lidfar's Basic Platformer Sprites/People/People_13.prefab
  artifactKey: Guid(fda8a5108788d8b478a05cb0fe69032c) Importer(815301076,1909f56bfc062723c751e8b465ee728b)
Start importing Assets/Lidfar's Basic Platformer Sprites/People/People_13.prefab using Guid(fda8a5108788d8b478a05cb0fe69032c) Importer(815301076,1909f56bfc062723c751e8b465ee728b)  -> (artifact id: '5bdbe7bd0ab2bd5f121deeab969ca798') in 0.013205 seconds
Number of updated asset objects reloaded before import = 0
Number of asset objects unloaded after import = 7
========================================================================
Received Import Request.
  Time since last request: 0.000016 seconds.
  path: Assets/Lidfar's Basic Platformer Sprites/People/People_9.prefab
  artifactKey: Guid(c39835e79605d944c83d05cf0b6132fc) Importer(815301076,1909f56bfc062723c751e8b465ee728b)
Start importing Assets/Lidfar's Basic Platformer Sprites/People/People_9.prefab using Guid(c39835e79605d944c83d05cf0b6132fc) Importer(815301076,1909f56bfc062723c751e8b465ee728b)  -> (artifact id: '6b6d5ad98f43a57726e8265f3f4d9980') in 0.014080 seconds
Number of updated asset objects reloaded before import = 0
Number of asset objects unloaded after import = 7
========================================================================
Received Import Request.
  Time since last request: 2.273484 seconds.
  path: Assets/Lidfar's Basic Platformer Sprites/Monsters/Monsters_2.prefab
  artifactKey: Guid(dc041935b38239545b126b8522de943f) Importer(815301076,1909f56bfc062723c751e8b465ee728b)
Start importing Assets/Lidfar's Basic Platformer Sprites/Monsters/Monsters_2.prefab using Guid(dc041935b38239545b126b8522de943f) Importer(815301076,1909f56bfc062723c751e8b465ee728b)  -> (artifact id: 'ea7da64ab3710590a3387d541fd74572') in 0.016521 seconds
Number of updated asset objects reloaded before import = 0
Number of asset objects unloaded after import = 7
========================================================================
Received Import Request.
  Time since last request: 0.000046 seconds.
  path: Assets/Lidfar's Basic Platformer Sprites/Monsters/Monsters_7.prefab
  artifactKey: Guid(31b5323c02225d743a47f63cc3409d42) Importer(815301076,1909f56bfc062723c751e8b465ee728b)
Start importing Assets/Lidfar's Basic Platformer Sprites/Monsters/Monsters_7.prefab using Guid(31b5323c02225d743a47f63cc3409d42) Importer(815301076,1909f56bfc062723c751e8b465ee728b)  -> (artifact id: 'f65627b520ceb1dcc389057836ea3698') in 0.015719 seconds
Number of updated asset objects reloaded before import = 0
Number of asset objects unloaded after import = 7
========================================================================
Received Import Request.
  Time since last request: 0.000019 seconds.
  path: Assets/Lidfar's Basic Platformer Sprites/Monsters/Monsters_6.prefab
  artifactKey: Guid(78b351fd2c21af64ea69af8b74a29d49) Importer(815301076,1909f56bfc062723c751e8b465ee728b)
Start importing Assets/Lidfar's Basic Platformer Sprites/Monsters/Monsters_6.prefab using Guid(78b351fd2c21af64ea69af8b74a29d49) Importer(815301076,1909f56bfc062723c751e8b465ee728b)  -> (artifact id: 'c21c859d92dec5760fbaa62ee45a4d75') in 0.014181 seconds
Number of updated asset objects reloaded before import = 0
Number of asset objects unloaded after import = 7
========================================================================
Received Import Request.
  Time since last request: 0.000017 seconds.
  path: Assets/Lidfar's Basic Platformer Sprites/Monsters/Monsters_3.prefab
  artifactKey: Guid(9b2b6b5c539744b45bff48babcf6a576) Importer(815301076,1909f56bfc062723c751e8b465ee728b)
Start importing Assets/Lidfar's Basic Platformer Sprites/Monsters/Monsters_3.prefab using Guid(9b2b6b5c539744b45bff48babcf6a576) Importer(815301076,1909f56bfc062723c751e8b465ee728b)  -> (artifact id: 'c5359576eed0ee756306c639750021fc') in 0.013485 seconds
Number of updated asset objects reloaded before import = 0
Number of asset objects unloaded after import = 7
========================================================================
Received Import Request.
  Time since last request: 5.339048 seconds.
  path: Assets/Lidfar's Basic Platformer Sprites/Items/Items_2.prefab
  artifactKey: Guid(2709ec5baca6ad540b4cac43cca007d7) Importer(815301076,1909f56bfc062723c751e8b465ee728b)
Start importing Assets/Lidfar's Basic Platformer Sprites/Items/Items_2.prefab using Guid(2709ec5baca6ad540b4cac43cca007d7) Importer(815301076,1909f56bfc062723c751e8b465ee728b)  -> (artifact id: '054c183210788df99aaaa3e521992c41') in 0.024705 seconds
Number of updated asset objects reloaded before import = 0
Number of asset objects unloaded after import = 7
========================================================================
Received Import Request.
  Time since last request: 0.000031 seconds.
  path: Assets/Lidfar's Basic Platformer Sprites/Items/Items_14.prefab
  artifactKey: Guid(d3be12c1c6ae33e4f91e254ded6b9c12) Importer(815301076,1909f56bfc062723c751e8b465ee728b)
Start importing Assets/Lidfar's Basic Platformer Sprites/Items/Items_14.prefab using Guid(d3be12c1c6ae33e4f91e254ded6b9c12) Importer(815301076,1909f56bfc062723c751e8b465ee728b)  -> (artifact id: '576e8787cb78ccd6f98e18f6fd547911') in 0.021732 seconds
Number of updated asset objects reloaded before import = 0
Number of asset objects unloaded after import = 7
========================================================================
Received Import Request.
  Time since last request: 0.000020 seconds.
  path: Assets/Lidfar's Basic Platformer Sprites/Items/Items_4.prefab
  artifactKey: Guid(f2a10cf7c6a278d40a096c915fd5a741) Importer(815301076,1909f56bfc062723c751e8b465ee728b)
Start importing Assets/Lidfar's Basic Platformer Sprites/Items/Items_4.prefab using Guid(f2a10cf7c6a278d40a096c915fd5a741) Importer(815301076,1909f56bfc062723c751e8b465ee728b)  -> (artifact id: '17f8d16637153c772781e9c11edfc0bd') in 0.014949 seconds
Number of updated asset objects reloaded before import = 0
Number of asset objects unloaded after import = 7
========================================================================
Received Import Request.
  Time since last request: 0.000023 seconds.
  path: Assets/Lidfar's Basic Platformer Sprites/Items/Items_16.prefab
  artifactKey: Guid(44db75be0ca95fc488605770657fda48) Importer(815301076,1909f56bfc062723c751e8b465ee728b)
Start importing Assets/Lidfar's Basic Platformer Sprites/Items/Items_16.prefab using Guid(44db75be0ca95fc488605770657fda48) Importer(815301076,1909f56bfc062723c751e8b465ee728b)  -> (artifact id: '341808431c780b9d4661da9cf963ce76') in 0.013845 seconds
Number of updated asset objects reloaded before import = 0
Number of asset objects unloaded after import = 7
========================================================================
Received Import Request.
  Time since last request: 0.000039 seconds.
  path: Assets/Lidfar's Basic Platformer Sprites/Items/Items_7.prefab
  artifactKey: Guid(aa6b5ca23a49dd748bedb8d3cdb10d4e) Importer(815301076,1909f56bfc062723c751e8b465ee728b)
Start importing Assets/Lidfar's Basic Platformer Sprites/Items/Items_7.prefab using Guid(aa6b5ca23a49dd748bedb8d3cdb10d4e) Importer(815301076,1909f56bfc062723c751e8b465ee728b)  -> (artifact id: '5ff8507dc8c3b070b0357fab8865f0dc') in 0.015390 seconds
Number of updated asset objects reloaded before import = 0
Number of asset objects unloaded after import = 7
========================================================================
Received Import Request.
  Time since last request: 0.000021 seconds.
  path: Assets/Lidfar's Basic Platformer Sprites/Items/Items_5.prefab
  artifactKey: Guid(fe3502afab12c75469e81386e3117094) Importer(815301076,1909f56bfc062723c751e8b465ee728b)
Start importing Assets/Lidfar's Basic Platformer Sprites/Items/Items_5.prefab using Guid(fe3502afab12c75469e81386e3117094) Importer(815301076,1909f56bfc062723c751e8b465ee728b)  -> (artifact id: 'cffae32bc1bdcd2907f4b3063438546c') in 0.012630 seconds
Number of updated asset objects reloaded before import = 0
Number of asset objects unloaded after import = 7
========================================================================
Received Import Request.
  Time since last request: 2.594026 seconds.
  path: Assets/Lidfar's Basic Platformer Sprites/Icons/Half Heart.prefab
  artifactKey: Guid(62653352fea39cc489ca7c28e71ef457) Importer(815301076,1909f56bfc062723c751e8b465ee728b)
Start importing Assets/Lidfar's Basic Platformer Sprites/Icons/Half Heart.prefab using Guid(62653352fea39cc489ca7c28e71ef457) Importer(815301076,1909f56bfc062723c751e8b465ee728b)  -> (artifact id: '30b8142d2b2b9d23e0d10a7a0b47ede3') in 0.015275 seconds
Number of updated asset objects reloaded before import = 0
Number of asset objects unloaded after import = 7
========================================================================
Received Import Request.
  Time since last request: 0.000018 seconds.
  path: Assets/Lidfar's Basic Platformer Sprites/Icons/Icons_0.prefab
  artifactKey: Guid(8f8789c444edca249be1d746255d936a) Importer(815301076,1909f56bfc062723c751e8b465ee728b)
Start importing Assets/Lidfar's Basic Platformer Sprites/Icons/Icons_0.prefab using Guid(8f8789c444edca249be1d746255d936a) Importer(815301076,1909f56bfc062723c751e8b465ee728b)  -> (artifact id: '25128801e6afe10fe66ce683fc4a7d46') in 0.026673 seconds
Number of updated asset objects reloaded before import = 0
Number of asset objects unloaded after import = 7
========================================================================
Received Import Request.
  Time since last request: 0.000019 seconds.
  path: Assets/Lidfar's Basic Platformer Sprites/Icons/Icons_15.prefab
  artifactKey: Guid(0f962baedad370f4bac5f40b00b903b5) Importer(815301076,1909f56bfc062723c751e8b465ee728b)
Start importing Assets/Lidfar's Basic Platformer Sprites/Icons/Icons_15.prefab using Guid(0f962baedad370f4bac5f40b00b903b5) Importer(815301076,1909f56bfc062723c751e8b465ee728b)  -> (artifact id: 'a020ad20f23d4dcbf0e769262abe0ffc') in 0.013408 seconds
Number of updated asset objects reloaded before import = 0
Number of asset objects unloaded after import = 7
========================================================================
Received Import Request.
  Time since last request: 0.000080 seconds.
  path: Assets/Lidfar's Basic Platformer Sprites/Icons/Icons_3.prefab
  artifactKey: Guid(ef87c53284478b34fa8af76b5ca184ea) Importer(815301076,1909f56bfc062723c751e8b465ee728b)
Start importing Assets/Lidfar's Basic Platformer Sprites/Icons/Icons_3.prefab using Guid(ef87c53284478b34fa8af76b5ca184ea) Importer(815301076,1909f56bfc062723c751e8b465ee728b)  -> (artifact id: '3432ff83f8656c1b3cd76883472c4acd') in 0.014145 seconds
Number of updated asset objects reloaded before import = 0
Number of asset objects unloaded after import = 7
========================================================================
Received Import Request.
  Time since last request: 0.000017 seconds.
  path: Assets/Lidfar's Basic Platformer Sprites/Icons/Icons_10.prefab
  artifactKey: Guid(acec6e12d1bc46b40849c76a7bf32387) Importer(815301076,1909f56bfc062723c751e8b465ee728b)
Start importing Assets/Lidfar's Basic Platformer Sprites/Icons/Icons_10.prefab using Guid(acec6e12d1bc46b40849c76a7bf32387) Importer(815301076,1909f56bfc062723c751e8b465ee728b)  -> (artifact id: 'd1609a06f6b25ccc9321bd31433fbb6a') in 0.015434 seconds
Number of updated asset objects reloaded before import = 0
Number of asset objects unloaded after import = 7
========================================================================
Received Import Request.
  Time since last request: 0.000021 seconds.
  path: Assets/Lidfar's Basic Platformer Sprites/Icons/Icons_4.prefab
  artifactKey: Guid(57f32d1f09a0d5e4387f0de495d4b788) Importer(815301076,1909f56bfc062723c751e8b465ee728b)
Start importing Assets/Lidfar's Basic Platformer Sprites/Icons/Icons_4.prefab using Guid(57f32d1f09a0d5e4387f0de495d4b788) Importer(815301076,1909f56bfc062723c751e8b465ee728b)  -> (artifact id: 'e7b328d61e3e72b111232605a8b049b3') in 0.012629 seconds
Number of updated asset objects reloaded before import = 0
Number of asset objects unloaded after import = 7
Thread 0000000000002670 may have been prematurely finalized
Thread 0000000000002670 may have been prematurely finalized
========================================================================
Received Prepare
Begin MonoManager ReloadAssembly
C:\build\output\Unity-Technologies\mono\mono\metadata\icall.c:1842:
C:\build\output\Unity-Technologies\mono\mono\metadata\icall.c:1842:
C:\build\output\Unity-Technologies\mono\mono\metadata\icall.c:1842:
C:\build\output\Unity-Technologies\mono\mono\metadata\icall.c:1842:
C:\build\output\Unity-Technologies\mono\mono\metadata\icall.c:1842:
C:\build\output\Unity-Technologies\mono\mono\metadata\icall.c:1842:
C:\build\output\Unity-Technologies\mono\mono\metadata\icall.c:1842:
C:\build\output\Unity-Technologies\mono\mono\metadata\icall.c:1842:
C:\build\output\Unity-Technologies\mono\mono\metadata\icall.c:1842:
C:\build\output\Unity-Technologies\mono\mono\metadata\icall.c:1842:
C:\build\output\Unity-Technologies\mono\mono\metadata\icall.c:1842:
C:\build\output\Unity-Technologies\mono\mono\metadata\icall.c:1842:
Symbol file LoadedFromMemory doesn't match image E:\Projects\MangoMayhem\Library\PackageCache\com.unity.visualscripting@1.8.0\Editor\VisualScripting.Core\Dependencies\YamlDotNet\Unity.VisualScripting.YamlDotNet.dll
Symbol file LoadedFromMemory doesn't match image E:\Projects\MangoMayhem\Library\PackageCache\com.unity.visualscripting@1.8.0\Editor\VisualScripting.Core\Dependencies\DotNetZip\Unity.VisualScripting.IonicZip.dll
- Loaded All Assemblies, in  0.952 seconds
Refreshing native plugins compatible for Editor in 5.38 ms, found 4 plugins.
Native extension for iOS target not found
Native extension for WindowsStandalone target not found
Mono: successfully reloaded assembly
[Package Manager] Failed to launch server process. Reason: Unity was launched with the -noUpm command-line argument
[Package Manager] Unable to send message (not connected to server process).
[Package Manager] Cannot connect to Unity Package Manager local server
- Finished resetting the current domain, in  1.163 seconds
Domain Reload Profiling: 2113ms
	BeginReloadAssembly (235ms)
		ExecutionOrderSort (0ms)
		DisableScriptedObjects (16ms)
		BackupInstance (0ms)
		ReleaseScriptingObjects (0ms)
		CreateAndSetChildDomain (60ms)
	RebuildCommonClasses (40ms)
	RebuildNativeTypeToScriptingClass (17ms)
	initialDomainReloadingComplete (31ms)
	LoadAllAssembliesAndSetupDomain (626ms)
		LoadAssemblies (359ms)
		RebuildTransferFunctionScriptingTraits (0ms)
		AnalyzeDomain (381ms)
			TypeCache.Refresh (370ms)
				TypeCache.ScanAssembly (356ms)
			ScanForSourceGeneratedMonoScriptInfo (6ms)
			ResolveRequiredComponents (5ms)
	FinalizeReload (1164ms)
		ReleaseScriptCaches (0ms)
		RebuildScriptCaches (0ms)
		SetupLoadedEditorAssemblies (555ms)
			LogAssemblyErrors (0ms)
			InitializePlatformSupportModulesInManaged (24ms)
			SetLoadedEditorAssemblies (4ms)
			BeforeProcessingInitializeOnLoad (121ms)
			ProcessInitializeOnLoadAttributes (362ms)
			ProcessInitializeOnLoadMethodAttributes (38ms)
			AfterProcessingInitializeOnLoad (6ms)
			EditorAssembliesLoaded (0ms)
		ExecutionOrderSort2 (0ms)
		AwakeInstancesAfterBackupRestoration (12ms)
Refreshing native plugins compatible for Editor in 4.77 ms, found 4 plugins.
Preloading 0 native plugins for Editor in 0.00 ms.
Unloading 4364 Unused Serialized files (Serialized files now loaded: 0)
Unloading 50 unused Assets / (42.8 KB). Loaded Objects now: 4912.
Memory consumption went from 151.5 MB to 151.5 MB.
Total: 4.844400 ms (FindLiveObjects: 0.345400 ms CreateObjectMapping: 0.221900 ms MarkObjects: 4.208700 ms  DeleteObjects: 0.067600 ms)

Prepare: number of updated asset objects reloaded= 0
AssetImportParameters requested are different than current active one (requested -> active):
  custom:video-decoder-webm-vp8: 9c59270c3fd7afecdb556c50c9e8de78 -> 
  custom:SearchIndexIgnoredProperties: e643bd26f0fe6173181afceb89e7c659 -> 
  custom:audio-encoder-webm-vorbis: bf7c407c2cedff20999df2af8eb42d56 -> 
  custom:AudioImporter_EditorPlatform: d09bf68614088b80899f8185d706f6e7 -> 
  custom:audio-decoder-ogg-vorbis: bf7c407c2cedff20999df2af8eb42d56 -> 
  custom:video-encoder-webm-vp8: eb34c28f22e8b96e1ab97ce403110664 -> 
  custom:container-demuxer-ogg: 62fdf1f143b41e24485cea50d1cbac27 -> 
  custom:framework-win-MediaFoundation: 216162199b28c13a410421893ffa2e32 -> 
  custom:video-decoder-ogg-theora: a1e56fd34408186e4bbccfd4996cb3dc -> 
  custom:container-muxer-webm: aa71ff27fc2769a1b78a27578f13a17b -> 
  custom:CustomObjectIndexerAttribute: 756ad292c208cfabdd7b50bc23989ffe -> 
  custom:container-demuxer-webm: 4f35f7cbe854078d1ac9338744f61a02 -> 
